2013-05-05 18:34:33,725 ERROR [main] - org.scala-ide.sdt.core - org.scala-ide.sdt.core - org.scala-ide.sdt.core - 0 - scala.reflect.internal.MissingRequirementError: object scala.runtime in compiler mirror not found.
2013-05-06 17:29:42,791  WARN [org.eclipse.jdt.internal.ui.text.JavaReconciler] - ImplicitHighlightingPresenter - Timeout while waiting for `askLoadedTyped` during implicit highlighting.
2013-05-06 17:29:43,002  WARN [org.eclipse.jdt.internal.ui.text.JavaReconciler] - ImplicitHighlightingPresenter - Timeout while waiting for `askLoadedTyped` during implicit highlighting.
2013-05-06 17:29:43,205  WARN [org.eclipse.jdt.internal.ui.text.JavaReconciler] - ImplicitHighlightingPresenter - Timeout while waiting for `askLoadedTyped` during implicit highlighting.
2013-05-06 17:29:43,406  WARN [org.eclipse.jdt.internal.ui.text.JavaReconciler] - ImplicitHighlightingPresenter - Timeout while waiting for `askLoadedTyped` during implicit highlighting.
2013-05-06 17:29:43,624  WARN [org.eclipse.jdt.internal.ui.text.JavaReconciler] - ImplicitHighlightingPresenter - Timeout while waiting for `askLoadedTyped` during implicit highlighting.
2013-05-06 17:40:00,255  WARN [org.eclipse.jdt.internal.ui.text.JavaReconciler] - ImplicitHighlightingPresenter - Timeout while waiting for `askLoadedTyped` during implicit highlighting.
2013-05-06 18:39:54,515 ERROR [Worker-51] - System.err - SLF4J: Failed to load class "org.slf4j.impl.StaticLoggerBinder".
2013-05-06 18:39:54,608 ERROR [Worker-51] - System.err - SLF4J: Defaulting to no-operation (NOP) logger implementation
2013-05-06 18:39:54,608 ERROR [Worker-51] - System.err - SLF4J: See http://www.slf4j.org/codes.html#StaticLoggerBinder for further details.
2013-05-06 19:19:24,520  WARN [org.eclipse.jdt.internal.ui.text.JavaReconciler] - ImplicitHighlightingPresenter - Timeout while waiting for `askLoadedTyped` during implicit highlighting.
2013-05-06 19:19:26,486  WARN [org.eclipse.jdt.internal.ui.text.JavaReconciler] - ImplicitHighlightingPresenter - Timeout while waiting for `askLoadedTyped` during implicit highlighting.
2013-05-07 00:17:52,461 ERROR [Worker-13] - System.err - SLF4J: Failed to load class "org.slf4j.impl.StaticLoggerBinder".
2013-05-07 00:17:52,486 ERROR [Worker-13] - System.err - SLF4J: Defaulting to no-operation (NOP) logger implementation
2013-05-07 00:17:52,486 ERROR [Worker-13] - System.err - SLF4J: See http://www.slf4j.org/codes.html#StaticLoggerBinder for further details.
2013-05-07 14:46:16,512 ERROR [Worker-11] - System.err - SLF4J: Failed to load class "org.slf4j.impl.StaticLoggerBinder".
2013-05-07 14:46:16,514 ERROR [Worker-11] - System.err - SLF4J: Defaulting to no-operation (NOP) logger implementation
2013-05-07 14:46:16,514 ERROR [Worker-11] - System.err - SLF4J: See http://www.slf4j.org/codes.html#StaticLoggerBinder for further details.
2013-05-07 14:52:31,901  WARN [ModalContext] - ImplicitHighlightingPresenter - Timeout while waiting for `askLoadedTyped` during implicit highlighting.
2013-05-07 14:52:32,205  WARN [ModalContext] - ImplicitHighlightingPresenter - Timeout while waiting for `askLoadedTyped` during implicit highlighting.
2013-05-07 14:52:41,879  WARN [ModalContext] - ImplicitHighlightingPresenter - Timeout while waiting for `askLoadedTyped` during implicit highlighting.
2013-05-07 14:52:42,208  WARN [ModalContext] - ImplicitHighlightingPresenter - Timeout while waiting for `askLoadedTyped` during implicit highlighting.
2013-05-07 14:52:50,945  WARN [ModalContext] - ImplicitHighlightingPresenter - Timeout while waiting for `askLoadedTyped` during implicit highlighting.
2013-05-07 14:52:51,269  WARN [ModalContext] - ImplicitHighlightingPresenter - Timeout while waiting for `askLoadedTyped` during implicit highlighting.
2013-05-07 14:53:29,653  WARN [ModalContext] - ImplicitHighlightingPresenter - Timeout while waiting for `askLoadedTyped` during implicit highlighting.
2013-05-07 14:53:29,941  WARN [ModalContext] - ImplicitHighlightingPresenter - Timeout while waiting for `askLoadedTyped` during implicit highlighting.
2013-05-07 14:53:41,593  WARN [ModalContext] - ImplicitHighlightingPresenter - Timeout while waiting for `askLoadedTyped` during implicit highlighting.
2013-05-07 14:53:41,916  WARN [ModalContext] - ImplicitHighlightingPresenter - Timeout while waiting for `askLoadedTyped` during implicit highlighting.
2013-05-07 14:58:35,473  WARN [ModalContext] - ImplicitHighlightingPresenter - Timeout while waiting for `askLoadedTyped` during implicit highlighting.
2013-05-07 14:59:21,063  WARN [ModalContext] - ImplicitHighlightingPresenter - Timeout while waiting for `askLoadedTyped` during implicit highlighting.
2013-05-07 14:59:21,469  WARN [ModalContext] - ImplicitHighlightingPresenter - Timeout while waiting for `askLoadedTyped` during implicit highlighting.
2013-05-07 14:59:47,555  WARN [org.eclipse.jdt.internal.ui.text.JavaReconciler] - ImplicitHighlightingPresenter - Timeout while waiting for `askLoadedTyped` during implicit highlighting.
2013-05-07 14:59:47,563  WARN [org.eclipse.jdt.internal.ui.text.JavaReconciler] - ImplicitHighlightingPresenter - Timeout while waiting for `askLoadedTyped` during implicit highlighting.
2013-05-07 14:59:47,682  WARN [ModalContext] - ImplicitHighlightingPresenter - Timeout while waiting for `askLoadedTyped` during implicit highlighting.
2013-05-07 15:01:21,779  WARN [ModalContext] - ImplicitHighlightingPresenter - Timeout while waiting for `askLoadedTyped` during implicit highlighting.
2013-05-07 15:01:35,794  WARN [ModalContext] - ImplicitHighlightingPresenter - Timeout while waiting for `askLoadedTyped` during implicit highlighting.
2013-05-07 15:17:21,280  WARN [Worker-5] - ImplicitHighlightingPresenter - Timeout while waiting for `askLoadedTyped` during implicit highlighting.
2013-05-07 15:20:57,379 ERROR [Worker-6] - System.err - SLF4J: Failed to load class "org.slf4j.impl.StaticLoggerBinder".
2013-05-07 15:20:57,380 ERROR [Worker-6] - System.err - SLF4J: Defaulting to no-operation (NOP) logger implementation
2013-05-07 15:20:57,380 ERROR [Worker-6] - System.err - SLF4J: See http://www.slf4j.org/codes.html#StaticLoggerBinder for further details.
2013-05-07 15:32:22,594  WARN [ModalContext] - ImplicitHighlightingPresenter - Timeout while waiting for `askLoadedTyped` during implicit highlighting.
2013-05-07 15:37:46,514  WARN [ModalContext] - ImplicitHighlightingPresenter - Timeout while waiting for `askLoadedTyped` during implicit highlighting.
2013-05-07 16:22:15,762 ERROR [Scala Presentation Compiler [DSL2]] - System.err - java.lang.UnsupportedOperationException: Position.point on class scala.reflect.internal.util.NoPosition$
2013-05-07 16:22:15,764 ERROR [Scala Presentation Compiler [DSL2]] - System.err - at scala.reflect.internal.util.Position.point(Position.scala:120)
2013-05-07 16:22:15,764 ERROR [Scala Presentation Compiler [DSL2]] - System.err - at scala.reflect.internal.util.Position.endOrPoint(Position.scala:129)
2013-05-07 16:22:15,764 ERROR [Scala Presentation Compiler [DSL2]] - System.err - at scala.tools.nsc.ast.parser.TreeBuilder.makeWhile(TreeBuilder.scala:255)
2013-05-07 16:22:15,764 ERROR [Scala Presentation Compiler [DSL2]] - System.err - at scala.tools.nsc.ast.parser.Parsers$Parser.parseWhile$1(Parsers.scala:1339)
2013-05-07 16:22:15,764 ERROR [Scala Presentation Compiler [DSL2]] - System.err - at scala.tools.nsc.ast.parser.Parsers$Parser.expr0(Parsers.scala:1342)
2013-05-07 16:22:15,764 ERROR [Scala Presentation Compiler [DSL2]] - System.err - at scala.tools.nsc.ast.parser.Parsers$Parser.expr(Parsers.scala:1285)
2013-05-07 16:22:15,764 ERROR [Scala Presentation Compiler [DSL2]] - System.err - at scala.tools.nsc.ast.parser.Parsers$Parser.statement(Parsers.scala:1255)
2013-05-07 16:22:15,764 ERROR [Scala Presentation Compiler [DSL2]] - System.err - at scala.tools.nsc.ast.parser.Parsers$Parser$$anonfun$blockStatSeq$1.apply(Parsers.scala:3074)
2013-05-07 16:22:15,764 ERROR [Scala Presentation Compiler [DSL2]] - System.err - at scala.tools.nsc.ast.parser.Parsers$Parser$$anonfun$blockStatSeq$1.apply(Parsers.scala:3066)
2013-05-07 16:22:15,764 ERROR [Scala Presentation Compiler [DSL2]] - System.err - at scala.tools.nsc.ast.parser.Parsers$Parser.checkNoEscapingPlaceholders(Parsers.scala:428)
2013-05-07 16:22:15,764 ERROR [Scala Presentation Compiler [DSL2]] - System.err - at scala.tools.nsc.ast.parser.Parsers$Parser.blockStatSeq(Parsers.scala:3066)
2013-05-07 16:22:15,765 ERROR [Scala Presentation Compiler [DSL2]] - System.err - at scala.tools.nsc.ast.parser.Parsers$Parser.block(Parsers.scala:1654)
2013-05-07 16:22:15,765 ERROR [Scala Presentation Compiler [DSL2]] - System.err - at scala.tools.nsc.ast.parser.Parsers$Parser.blockExpr(Parsers.scala:1643)
2013-05-07 16:22:15,765 ERROR [Scala Presentation Compiler [DSL2]] - System.err - at scala.tools.nsc.ast.parser.Parsers$Parser.funDefRest(Parsers.scala:2560)
2013-05-07 16:22:15,765 ERROR [Scala Presentation Compiler [DSL2]] - System.err - at scala.tools.nsc.ast.parser.Parsers$Parser.funDefOrDcl(Parsers.scala:2538)
2013-05-07 16:22:15,765 ERROR [Scala Presentation Compiler [DSL2]] - System.err - at scala.tools.nsc.ast.parser.Parsers$Parser.defOrDcl(Parsers.scala:2421)
2013-05-07 16:22:15,765 ERROR [Scala Presentation Compiler [DSL2]] - System.err - at scala.tools.nsc.ast.parser.Parsers$Parser.nonLocalDefOrDcl(Parsers.scala:2433)
2013-05-07 16:22:15,765 ERROR [Scala Presentation Compiler [DSL2]] - System.err - at scala.tools.nsc.ast.parser.Parsers$Parser$$anonfun$templateStatSeq$1$$anonfun$apply$5.apply(Parsers.scala:2997)
2013-05-07 16:22:15,765 ERROR [Scala Presentation Compiler [DSL2]] - System.err - at scala.tools.nsc.ast.parser.Parsers$Parser$$anonfun$templateStatSeq$1$$anonfun$apply$5.apply(Parsers.scala:2997)
2013-05-07 16:22:15,765 ERROR [Scala Presentation Compiler [DSL2]] - System.err - at scala.tools.nsc.ast.parser.Parsers$Parser.joinComment(Parsers.scala:683)
2013-05-07 16:22:15,765 ERROR [Scala Presentation Compiler [DSL2]] - System.err - at scala.tools.nsc.ast.parser.Parsers$Parser$$anonfun$templateStatSeq$1.apply(Parsers.scala:2997)
2013-05-07 16:22:15,765 ERROR [Scala Presentation Compiler [DSL2]] - System.err - at scala.tools.nsc.ast.parser.Parsers$Parser$$anonfun$templateStatSeq$1.apply(Parsers.scala:2966)
2013-05-07 16:22:15,765 ERROR [Scala Presentation Compiler [DSL2]] - System.err - at scala.tools.nsc.ast.parser.Parsers$Parser.checkNoEscapingPlaceholders(Parsers.scala:428)
2013-05-07 16:22:15,765 ERROR [Scala Presentation Compiler [DSL2]] - System.err - at scala.tools.nsc.ast.parser.Parsers$Parser.templateStatSeq(Parsers.scala:2966)
2013-05-07 16:22:15,765 ERROR [Scala Presentation Compiler [DSL2]] - System.err - at scala.tools.nsc.ast.parser.Parsers$Parser.templateBody(Parsers.scala:2846)
2013-05-07 16:22:15,765 ERROR [Scala Presentation Compiler [DSL2]] - System.err - at scala.tools.nsc.ast.parser.Parsers$Parser.templateBodyOpt(Parsers.scala:2853)
2013-05-07 16:22:15,765 ERROR [Scala Presentation Compiler [DSL2]] - System.err - at scala.tools.nsc.ast.parser.Parsers$Parser.templateOpt(Parsers.scala:2812)
2013-05-07 16:22:15,765 ERROR [Scala Presentation Compiler [DSL2]] - System.err - at scala.tools.nsc.ast.parser.Parsers$Parser$$anonfun$classDef$1.apply(Parsers.scala:2709)
2013-05-07 16:22:15,766 ERROR [Scala Presentation Compiler [DSL2]] - System.err - at scala.tools.nsc.ast.parser.Parsers$Parser$$anonfun$classDef$1.apply(Parsers.scala:2690)
2013-05-07 16:22:15,766 ERROR [Scala Presentation Compiler [DSL2]] - System.err - at scala.tools.nsc.ast.parser.Parsers$Parser.savingClassContextBounds(Parsers.scala:290)
2013-05-07 16:22:15,766 ERROR [Scala Presentation Compiler [DSL2]] - System.err - at scala.tools.nsc.ast.parser.Parsers$Parser.classDef(Parsers.scala:2690)
2013-05-07 16:22:15,766 ERROR [Scala Presentation Compiler [DSL2]] - System.err - at scala.tools.nsc.ast.parser.Parsers$Parser.tmplDef(Parsers.scala:2666)
2013-05-07 16:22:15,766 ERROR [Scala Presentation Compiler [DSL2]] - System.err - at scala.tools.nsc.ast.parser.Parsers$Parser.topLevelTmplDef(Parsers.scala:2651)
2013-05-07 16:22:15,766 ERROR [Scala Presentation Compiler [DSL2]] - System.err - at scala.tools.nsc.ast.parser.Parsers$Parser$$anonfun$topStatSeq$2.apply(Parsers.scala:2937)
2013-05-07 16:22:15,766 ERROR [Scala Presentation Compiler [DSL2]] - System.err - at scala.tools.nsc.ast.parser.Parsers$Parser$$anonfun$topStatSeq$2.apply(Parsers.scala:2937)
2013-05-07 16:22:15,766 ERROR [Scala Presentation Compiler [DSL2]] - System.err - at scala.tools.nsc.ast.parser.Parsers$Parser.joinComment(Parsers.scala:683)
2013-05-07 16:22:15,766 ERROR [Scala Presentation Compiler [DSL2]] - System.err - at scala.tools.nsc.ast.parser.Parsers$Parser.topStatSeq(Parsers.scala:2937)
2013-05-07 16:22:15,766 ERROR [Scala Presentation Compiler [DSL2]] - System.err - at scala.tools.nsc.ast.parser.Parsers$Parser$$anonfun$compilationUnit$1.topstats$1(Parsers.scala:3132)
2013-05-07 16:22:15,766 ERROR [Scala Presentation Compiler [DSL2]] - System.err - at scala.tools.nsc.ast.parser.Parsers$Parser$$anonfun$compilationUnit$1.topstats$1(Parsers.scala:3124)
2013-05-07 16:22:15,766 ERROR [Scala Presentation Compiler [DSL2]] - System.err - at scala.tools.nsc.ast.parser.Parsers$Parser$$anonfun$compilationUnit$1.apply(Parsers.scala:3138)
2013-05-07 16:22:15,766 ERROR [Scala Presentation Compiler [DSL2]] - System.err - at scala.tools.nsc.ast.parser.Parsers$Parser$$anonfun$compilationUnit$1.apply(Parsers.scala:3102)
2013-05-07 16:22:15,766 ERROR [Scala Presentation Compiler [DSL2]] - System.err - at scala.tools.nsc.ast.parser.Parsers$Parser.checkNoEscapingPlaceholders(Parsers.scala:428)
2013-05-07 16:22:15,766 ERROR [Scala Presentation Compiler [DSL2]] - System.err - at scala.tools.nsc.ast.parser.Parsers$Parser.compilationUnit(Parsers.scala:3102)
2013-05-07 16:22:15,766 ERROR [Scala Presentation Compiler [DSL2]] - System.err - at scala.tools.nsc.ast.parser.Parsers$SourceFileParser$$anonfun$parseStartRule$1.apply(Parsers.scala:141)
2013-05-07 16:22:15,766 ERROR [Scala Presentation Compiler [DSL2]] - System.err - at scala.tools.nsc.ast.parser.Parsers$SourceFileParser$$anonfun$parseStartRule$1.apply(Parsers.scala:141)
2013-05-07 16:22:15,766 ERROR [Scala Presentation Compiler [DSL2]] - System.err - at scala.tools.nsc.ast.parser.Parsers$Parser.parse(Parsers.scala:313)
2013-05-07 16:22:15,767 ERROR [Scala Presentation Compiler [DSL2]] - System.err - at scala.tools.nsc.ast.parser.Parsers$UnitParser.smartParse(Parsers.scala:242)
2013-05-07 16:22:15,767 ERROR [Scala Presentation Compiler [DSL2]] - System.err - at scala.tools.nsc.ast.parser.SyntaxAnalyzer$ParserPhase.apply(SyntaxAnalyzer.scala:29)
2013-05-07 16:22:15,767 ERROR [Scala Presentation Compiler [DSL2]] - System.err - at scala.tools.nsc.Global$GlobalPhase.applyPhase(Global.scala:463)
2013-05-07 16:22:15,767 ERROR [Scala Presentation Compiler [DSL2]] - System.err - at scala.tools.nsc.Global$Run$$anonfun$compileLate$2$$anonfun$apply$1.apply(Global.scala:1682)
2013-05-07 16:22:15,767 ERROR [Scala Presentation Compiler [DSL2]] - System.err - at scala.tools.nsc.Global$Run$$anonfun$compileLate$2$$anonfun$apply$1.apply(Global.scala:1682)
2013-05-07 16:22:15,767 ERROR [Scala Presentation Compiler [DSL2]] - System.err - at scala.reflect.internal.SymbolTable.atPhase(SymbolTable.scala:207)
2013-05-07 16:22:15,767 ERROR [Scala Presentation Compiler [DSL2]] - System.err - at scala.tools.nsc.Global$Run$$anonfun$compileLate$2.apply(Global.scala:1682)
2013-05-07 16:22:15,767 ERROR [Scala Presentation Compiler [DSL2]] - System.err - at scala.tools.nsc.Global$Run$$anonfun$compileLate$2.apply(Global.scala:1681)
2013-05-07 16:22:15,767 ERROR [Scala Presentation Compiler [DSL2]] - System.err - at scala.collection.Iterator$class.foreach(Iterator.scala:727)
2013-05-07 16:22:15,767 ERROR [Scala Presentation Compiler [DSL2]] - System.err - at scala.collection.AbstractIterator.foreach(Iterator.scala:1157)
2013-05-07 16:22:15,767 ERROR [Scala Presentation Compiler [DSL2]] - System.err - at scala.tools.nsc.Global$Run.compileLate(Global.scala:1681)
2013-05-07 16:22:15,767 ERROR [Scala Presentation Compiler [DSL2]] - System.err - at scala.tools.nsc.interactive.Global.scala$tools$nsc$interactive$Global$$parseAndEnter(Global.scala:574)
2013-05-07 16:22:15,767 ERROR [Scala Presentation Compiler [DSL2]] - System.err - at scala.tools.nsc.interactive.Global.backgroundCompile(Global.scala:481)
2013-05-07 16:22:15,767 ERROR [Scala Presentation Compiler [DSL2]] - System.err - at scala.tools.nsc.interactive.PresentationCompilerThread.run(PresentationCompilerThread.scala:25)
2013-05-07 16:22:43,072 ERROR [Scala Presentation Compiler [DSL2]] - System.err - java.lang.UnsupportedOperationException: Position.point on class scala.reflect.internal.util.NoPosition$
2013-05-07 16:22:43,073 ERROR [Scala Presentation Compiler [DSL2]] - System.err - at scala.reflect.internal.util.Position.point(Position.scala:120)
2013-05-07 16:22:43,073 ERROR [Scala Presentation Compiler [DSL2]] - System.err - at scala.reflect.internal.util.Position.endOrPoint(Position.scala:129)
2013-05-07 16:22:43,073 ERROR [Scala Presentation Compiler [DSL2]] - System.err - at scala.tools.nsc.ast.parser.TreeBuilder.makeWhile(TreeBuilder.scala:255)
2013-05-07 16:22:43,073 ERROR [Scala Presentation Compiler [DSL2]] - System.err - at scala.tools.nsc.ast.parser.Parsers$Parser.parseWhile$1(Parsers.scala:1339)
2013-05-07 16:22:43,073 ERROR [Scala Presentation Compiler [DSL2]] - System.err - at scala.tools.nsc.ast.parser.Parsers$Parser.expr0(Parsers.scala:1342)
2013-05-07 16:22:43,073 ERROR [Scala Presentation Compiler [DSL2]] - System.err - at scala.tools.nsc.ast.parser.Parsers$Parser.expr(Parsers.scala:1285)
2013-05-07 16:22:43,073 ERROR [Scala Presentation Compiler [DSL2]] - System.err - at scala.tools.nsc.ast.parser.Parsers$Parser.statement(Parsers.scala:1255)
2013-05-07 16:22:43,073 ERROR [Scala Presentation Compiler [DSL2]] - System.err - at scala.tools.nsc.ast.parser.Parsers$Parser$$anonfun$blockStatSeq$1.apply(Parsers.scala:3074)
2013-05-07 16:22:43,073 ERROR [Scala Presentation Compiler [DSL2]] - System.err - at scala.tools.nsc.ast.parser.Parsers$Parser$$anonfun$blockStatSeq$1.apply(Parsers.scala:3066)
2013-05-07 16:22:43,073 ERROR [Scala Presentation Compiler [DSL2]] - System.err - at scala.tools.nsc.ast.parser.Parsers$Parser.checkNoEscapingPlaceholders(Parsers.scala:428)
2013-05-07 16:22:43,073 ERROR [Scala Presentation Compiler [DSL2]] - System.err - at scala.tools.nsc.ast.parser.Parsers$Parser.blockStatSeq(Parsers.scala:3066)
2013-05-07 16:22:43,073 ERROR [Scala Presentation Compiler [DSL2]] - System.err - at scala.tools.nsc.ast.parser.Parsers$Parser.block(Parsers.scala:1654)
2013-05-07 16:22:43,074 ERROR [Scala Presentation Compiler [DSL2]] - System.err - at scala.tools.nsc.ast.parser.Parsers$Parser.blockExpr(Parsers.scala:1643)
2013-05-07 16:22:43,074 ERROR [Scala Presentation Compiler [DSL2]] - System.err - at scala.tools.nsc.ast.parser.Parsers$Parser.simpleExpr(Parsers.scala:1556)
2013-05-07 16:22:43,074 ERROR [Scala Presentation Compiler [DSL2]] - System.err - at scala.tools.nsc.ast.parser.Parsers$Parser.prefixExpr(Parsers.scala:1518)
2013-05-07 16:22:43,074 ERROR [Scala Presentation Compiler [DSL2]] - System.err - at scala.tools.nsc.ast.parser.Parsers$Parser.postfixExpr(Parsers.scala:1478)
2013-05-07 16:22:43,074 ERROR [Scala Presentation Compiler [DSL2]] - System.err - at scala.tools.nsc.ast.parser.Parsers$Parser.parseOther$1(Parsers.scala:1391)
2013-05-07 16:22:43,074 ERROR [Scala Presentation Compiler [DSL2]] - System.err - at scala.tools.nsc.ast.parser.Parsers$Parser.expr0(Parsers.scala:1445)
2013-05-07 16:22:43,074 ERROR [Scala Presentation Compiler [DSL2]] - System.err - at scala.tools.nsc.ast.parser.Parsers$Parser.expr(Parsers.scala:1285)
2013-05-07 16:22:43,074 ERROR [Scala Presentation Compiler [DSL2]] - System.err - at scala.tools.nsc.ast.parser.Parsers$Parser.expr(Parsers.scala:1280)
2013-05-07 16:22:43,074 ERROR [Scala Presentation Compiler [DSL2]] - System.err - at scala.tools.nsc.ast.parser.Parsers$Parser.parseIf$1(Parsers.scala:1300)
2013-05-07 16:22:43,074 ERROR [Scala Presentation Compiler [DSL2]] - System.err - at scala.tools.nsc.ast.parser.Parsers$Parser.expr0(Parsers.scala:1305)
2013-05-07 16:22:43,074 ERROR [Scala Presentation Compiler [DSL2]] - System.err - at scala.tools.nsc.ast.parser.Parsers$Parser.expr(Parsers.scala:1285)
2013-05-07 16:22:43,074 ERROR [Scala Presentation Compiler [DSL2]] - System.err - at scala.tools.nsc.ast.parser.Parsers$Parser.statement(Parsers.scala:1255)
2013-05-07 16:22:43,074 ERROR [Scala Presentation Compiler [DSL2]] - System.err - at scala.tools.nsc.ast.parser.Parsers$Parser$$anonfun$blockStatSeq$1.apply(Parsers.scala:3074)
2013-05-07 16:22:43,074 ERROR [Scala Presentation Compiler [DSL2]] - System.err - at scala.tools.nsc.ast.parser.Parsers$Parser$$anonfun$blockStatSeq$1.apply(Parsers.scala:3066)
2013-05-07 16:22:43,074 ERROR [Scala Presentation Compiler [DSL2]] - System.err - at scala.tools.nsc.ast.parser.Parsers$Parser.checkNoEscapingPlaceholders(Parsers.scala:428)
2013-05-07 16:22:43,074 ERROR [Scala Presentation Compiler [DSL2]] - System.err - at scala.tools.nsc.ast.parser.Parsers$Parser.blockStatSeq(Parsers.scala:3066)
2013-05-07 16:22:43,074 ERROR [Scala Presentation Compiler [DSL2]] - System.err - at scala.tools.nsc.ast.parser.Parsers$Parser.block(Parsers.scala:1654)
2013-05-07 16:22:43,074 ERROR [Scala Presentation Compiler [DSL2]] - System.err - at scala.tools.nsc.ast.parser.Parsers$Parser.blockExpr(Parsers.scala:1643)
2013-05-07 16:22:43,074 ERROR [Scala Presentation Compiler [DSL2]] - System.err - at scala.tools.nsc.ast.parser.Parsers$Parser.funDefRest(Parsers.scala:2560)
2013-05-07 16:22:43,075 ERROR [Scala Presentation Compiler [DSL2]] - System.err - at scala.tools.nsc.ast.parser.Parsers$Parser.funDefOrDcl(Parsers.scala:2538)
2013-05-07 16:22:43,075 ERROR [Scala Presentation Compiler [DSL2]] - System.err - at scala.tools.nsc.ast.parser.Parsers$Parser.defOrDcl(Parsers.scala:2421)
2013-05-07 16:22:43,075 ERROR [Scala Presentation Compiler [DSL2]] - System.err - at scala.tools.nsc.ast.parser.Parsers$Parser.nonLocalDefOrDcl(Parsers.scala:2433)
2013-05-07 16:22:43,075 ERROR [Scala Presentation Compiler [DSL2]] - System.err - at scala.tools.nsc.ast.parser.Parsers$Parser$$anonfun$templateStatSeq$1$$anonfun$apply$5.apply(Parsers.scala:2997)
2013-05-07 16:22:43,075 ERROR [Scala Presentation Compiler [DSL2]] - System.err - at scala.tools.nsc.ast.parser.Parsers$Parser$$anonfun$templateStatSeq$1$$anonfun$apply$5.apply(Parsers.scala:2997)
2013-05-07 16:22:43,075 ERROR [Scala Presentation Compiler [DSL2]] - System.err - at scala.tools.nsc.ast.parser.Parsers$Parser.joinComment(Parsers.scala:683)
2013-05-07 16:22:43,075 ERROR [Scala Presentation Compiler [DSL2]] - System.err - at scala.tools.nsc.ast.parser.Parsers$Parser$$anonfun$templateStatSeq$1.apply(Parsers.scala:2997)
2013-05-07 16:22:43,075 ERROR [Scala Presentation Compiler [DSL2]] - System.err - at scala.tools.nsc.ast.parser.Parsers$Parser$$anonfun$templateStatSeq$1.apply(Parsers.scala:2966)
2013-05-07 16:22:43,075 ERROR [Scala Presentation Compiler [DSL2]] - System.err - at scala.tools.nsc.ast.parser.Parsers$Parser.checkNoEscapingPlaceholders(Parsers.scala:428)
2013-05-07 16:22:43,075 ERROR [Scala Presentation Compiler [DSL2]] - System.err - at scala.tools.nsc.ast.parser.Parsers$Parser.templateStatSeq(Parsers.scala:2966)
2013-05-07 16:22:43,075 ERROR [Scala Presentation Compiler [DSL2]] - System.err - at scala.tools.nsc.ast.parser.Parsers$Parser.templateBody(Parsers.scala:2846)
2013-05-07 16:22:43,075 ERROR [Scala Presentation Compiler [DSL2]] - System.err - at scala.tools.nsc.ast.parser.Parsers$Parser.templateBodyOpt(Parsers.scala:2853)
2013-05-07 16:22:43,075 ERROR [Scala Presentation Compiler [DSL2]] - System.err - at scala.tools.nsc.ast.parser.Parsers$Parser.templateOpt(Parsers.scala:2812)
2013-05-07 16:22:43,075 ERROR [Scala Presentation Compiler [DSL2]] - System.err - at scala.tools.nsc.ast.parser.Parsers$Parser$$anonfun$classDef$1.apply(Parsers.scala:2709)
2013-05-07 16:22:43,075 ERROR [Scala Presentation Compiler [DSL2]] - System.err - at scala.tools.nsc.ast.parser.Parsers$Parser$$anonfun$classDef$1.apply(Parsers.scala:2690)
2013-05-07 16:22:43,075 ERROR [Scala Presentation Compiler [DSL2]] - System.err - at scala.tools.nsc.ast.parser.Parsers$Parser.savingClassContextBounds(Parsers.scala:290)
2013-05-07 16:22:43,075 ERROR [Scala Presentation Compiler [DSL2]] - System.err - at scala.tools.nsc.ast.parser.Parsers$Parser.classDef(Parsers.scala:2690)
2013-05-07 16:22:43,075 ERROR [Scala Presentation Compiler [DSL2]] - System.err - at scala.tools.nsc.ast.parser.Parsers$Parser.tmplDef(Parsers.scala:2666)
2013-05-07 16:22:43,075 ERROR [Scala Presentation Compiler [DSL2]] - System.err - at scala.tools.nsc.ast.parser.Parsers$Parser.topLevelTmplDef(Parsers.scala:2651)
2013-05-07 16:22:43,076 ERROR [Scala Presentation Compiler [DSL2]] - System.err - at scala.tools.nsc.ast.parser.Parsers$Parser$$anonfun$topStatSeq$2.apply(Parsers.scala:2937)
2013-05-07 16:22:43,076 ERROR [Scala Presentation Compiler [DSL2]] - System.err - at scala.tools.nsc.ast.parser.Parsers$Parser$$anonfun$topStatSeq$2.apply(Parsers.scala:2937)
2013-05-07 16:22:43,076 ERROR [Scala Presentation Compiler [DSL2]] - System.err - at scala.tools.nsc.ast.parser.Parsers$Parser.joinComment(Parsers.scala:683)
2013-05-07 16:22:43,076 ERROR [Scala Presentation Compiler [DSL2]] - System.err - at scala.tools.nsc.ast.parser.Parsers$Parser.topStatSeq(Parsers.scala:2937)
2013-05-07 16:22:43,076 ERROR [Scala Presentation Compiler [DSL2]] - System.err - at scala.tools.nsc.ast.parser.Parsers$Parser$$anonfun$compilationUnit$1.topstats$1(Parsers.scala:3132)
2013-05-07 16:22:43,076 ERROR [Scala Presentation Compiler [DSL2]] - System.err - at scala.tools.nsc.ast.parser.Parsers$Parser$$anonfun$compilationUnit$1.topstats$1(Parsers.scala:3124)
2013-05-07 16:22:43,076 ERROR [Scala Presentation Compiler [DSL2]] - System.err - at scala.tools.nsc.ast.parser.Parsers$Parser$$anonfun$compilationUnit$1.apply(Parsers.scala:3138)
2013-05-07 16:22:43,076 ERROR [Scala Presentation Compiler [DSL2]] - System.err - at scala.tools.nsc.ast.parser.Parsers$Parser$$anonfun$compilationUnit$1.apply(Parsers.scala:3102)
2013-05-07 16:22:43,076 ERROR [Scala Presentation Compiler [DSL2]] - System.err - at scala.tools.nsc.ast.parser.Parsers$Parser.checkNoEscapingPlaceholders(Parsers.scala:428)
2013-05-07 16:22:43,076 ERROR [Scala Presentation Compiler [DSL2]] - System.err - at scala.tools.nsc.ast.parser.Parsers$Parser.compilationUnit(Parsers.scala:3102)
2013-05-07 16:22:43,076 ERROR [Scala Presentation Compiler [DSL2]] - System.err - at scala.tools.nsc.ast.parser.Parsers$SourceFileParser$$anonfun$parseStartRule$1.apply(Parsers.scala:141)
2013-05-07 16:22:43,076 ERROR [Scala Presentation Compiler [DSL2]] - System.err - at scala.tools.nsc.ast.parser.Parsers$SourceFileParser$$anonfun$parseStartRule$1.apply(Parsers.scala:141)
2013-05-07 16:22:43,076 ERROR [Scala Presentation Compiler [DSL2]] - System.err - at scala.tools.nsc.ast.parser.Parsers$Parser.parse(Parsers.scala:313)
2013-05-07 16:22:43,076 ERROR [Scala Presentation Compiler [DSL2]] - System.err - at scala.tools.nsc.ast.parser.Parsers$UnitParser.smartParse(Parsers.scala:242)
2013-05-07 16:22:43,076 ERROR [Scala Presentation Compiler [DSL2]] - System.err - at scala.tools.nsc.ast.parser.SyntaxAnalyzer$ParserPhase.apply(SyntaxAnalyzer.scala:29)
2013-05-07 16:22:43,076 ERROR [Scala Presentation Compiler [DSL2]] - System.err - at scala.tools.nsc.Global$GlobalPhase.applyPhase(Global.scala:463)
2013-05-07 16:22:43,076 ERROR [Scala Presentation Compiler [DSL2]] - System.err - at scala.tools.nsc.Global$Run$$anonfun$compileLate$2$$anonfun$apply$1.apply(Global.scala:1682)
2013-05-07 16:22:43,076 ERROR [Scala Presentation Compiler [DSL2]] - System.err - at scala.tools.nsc.Global$Run$$anonfun$compileLate$2$$anonfun$apply$1.apply(Global.scala:1682)
2013-05-07 16:22:43,077 ERROR [Scala Presentation Compiler [DSL2]] - System.err - at scala.reflect.internal.SymbolTable.atPhase(SymbolTable.scala:207)
2013-05-07 16:22:43,077 ERROR [Scala Presentation Compiler [DSL2]] - System.err - at scala.tools.nsc.Global$Run$$anonfun$compileLate$2.apply(Global.scala:1682)
2013-05-07 16:22:43,077 ERROR [Scala Presentation Compiler [DSL2]] - System.err - at scala.tools.nsc.Global$Run$$anonfun$compileLate$2.apply(Global.scala:1681)
2013-05-07 16:22:43,077 ERROR [Scala Presentation Compiler [DSL2]] - System.err - at scala.collection.Iterator$class.foreach(Iterator.scala:727)
2013-05-07 16:22:43,077 ERROR [Scala Presentation Compiler [DSL2]] - System.err - at scala.collection.AbstractIterator.foreach(Iterator.scala:1157)
2013-05-07 16:22:43,077 ERROR [Scala Presentation Compiler [DSL2]] - System.err - at scala.tools.nsc.Global$Run.compileLate(Global.scala:1681)
2013-05-07 16:22:43,077 ERROR [Scala Presentation Compiler [DSL2]] - System.err - at scala.tools.nsc.interactive.Global.scala$tools$nsc$interactive$Global$$parseAndEnter(Global.scala:574)
2013-05-07 16:22:43,077 ERROR [Scala Presentation Compiler [DSL2]] - System.err - at scala.tools.nsc.interactive.Global.backgroundCompile(Global.scala:481)
2013-05-07 16:22:43,077 ERROR [Scala Presentation Compiler [DSL2]] - System.err - at scala.tools.nsc.interactive.PresentationCompilerThread.run(PresentationCompilerThread.scala:25)
2013-05-07 16:26:35,705 ERROR [Scala Presentation Compiler [DSL2]] - System.err - java.lang.UnsupportedOperationException: Position.point on class scala.reflect.internal.util.NoPosition$
2013-05-07 16:26:35,707 ERROR [Scala Presentation Compiler [DSL2]] - System.err - at scala.reflect.internal.util.Position.point(Position.scala:120)
2013-05-07 16:26:35,707 ERROR [Scala Presentation Compiler [DSL2]] - System.err - at scala.reflect.internal.util.Position.endOrPoint(Position.scala:129)
2013-05-07 16:26:35,707 ERROR [Scala Presentation Compiler [DSL2]] - System.err - at scala.tools.nsc.ast.parser.TreeBuilder.makeWhile(TreeBuilder.scala:255)
2013-05-07 16:26:35,707 ERROR [Scala Presentation Compiler [DSL2]] - System.err - at scala.tools.nsc.ast.parser.Parsers$Parser.parseWhile$1(Parsers.scala:1339)
2013-05-07 16:26:35,707 ERROR [Scala Presentation Compiler [DSL2]] - System.err - at scala.tools.nsc.ast.parser.Parsers$Parser.expr0(Parsers.scala:1342)
2013-05-07 16:26:35,707 ERROR [Scala Presentation Compiler [DSL2]] - System.err - at scala.tools.nsc.ast.parser.Parsers$Parser.expr(Parsers.scala:1285)
2013-05-07 16:26:35,708 ERROR [Scala Presentation Compiler [DSL2]] - System.err - at scala.tools.nsc.ast.parser.Parsers$Parser.statement(Parsers.scala:1255)
2013-05-07 16:26:35,708 ERROR [Scala Presentation Compiler [DSL2]] - System.err - at scala.tools.nsc.ast.parser.Parsers$Parser$$anonfun$blockStatSeq$1.apply(Parsers.scala:3074)
2013-05-07 16:26:35,708 ERROR [Scala Presentation Compiler [DSL2]] - System.err - at scala.tools.nsc.ast.parser.Parsers$Parser$$anonfun$blockStatSeq$1.apply(Parsers.scala:3066)
2013-05-07 16:26:35,708 ERROR [Scala Presentation Compiler [DSL2]] - System.err - at scala.tools.nsc.ast.parser.Parsers$Parser.checkNoEscapingPlaceholders(Parsers.scala:428)
2013-05-07 16:26:35,708 ERROR [Scala Presentation Compiler [DSL2]] - System.err - at scala.tools.nsc.ast.parser.Parsers$Parser.blockStatSeq(Parsers.scala:3066)
2013-05-07 16:26:35,708 ERROR [Scala Presentation Compiler [DSL2]] - System.err - at scala.tools.nsc.ast.parser.Parsers$Parser.block(Parsers.scala:1654)
2013-05-07 16:26:35,708 ERROR [Scala Presentation Compiler [DSL2]] - System.err - at scala.tools.nsc.ast.parser.Parsers$Parser.blockExpr(Parsers.scala:1643)
2013-05-07 16:26:35,708 ERROR [Scala Presentation Compiler [DSL2]] - System.err - at scala.tools.nsc.ast.parser.Parsers$Parser.simpleExpr(Parsers.scala:1556)
2013-05-07 16:26:35,708 ERROR [Scala Presentation Compiler [DSL2]] - System.err - at scala.tools.nsc.ast.parser.Parsers$Parser.prefixExpr(Parsers.scala:1518)
2013-05-07 16:26:35,708 ERROR [Scala Presentation Compiler [DSL2]] - System.err - at scala.tools.nsc.ast.parser.Parsers$Parser.postfixExpr(Parsers.scala:1478)
2013-05-07 16:26:35,708 ERROR [Scala Presentation Compiler [DSL2]] - System.err - at scala.tools.nsc.ast.parser.Parsers$Parser.parseOther$1(Parsers.scala:1391)
2013-05-07 16:26:35,708 ERROR [Scala Presentation Compiler [DSL2]] - System.err - at scala.tools.nsc.ast.parser.Parsers$Parser.expr0(Parsers.scala:1445)
2013-05-07 16:26:35,708 ERROR [Scala Presentation Compiler [DSL2]] - System.err - at scala.tools.nsc.ast.parser.Parsers$Parser.expr(Parsers.scala:1285)
2013-05-07 16:26:35,708 ERROR [Scala Presentation Compiler [DSL2]] - System.err - at scala.tools.nsc.ast.parser.Parsers$Parser.expr(Parsers.scala:1280)
2013-05-07 16:26:35,708 ERROR [Scala Presentation Compiler [DSL2]] - System.err - at scala.tools.nsc.ast.parser.Parsers$Parser.parseWhile$1(Parsers.scala:1338)
2013-05-07 16:26:35,708 ERROR [Scala Presentation Compiler [DSL2]] - System.err - at scala.tools.nsc.ast.parser.Parsers$Parser.expr0(Parsers.scala:1342)
2013-05-07 16:26:35,708 ERROR [Scala Presentation Compiler [DSL2]] - System.err - at scala.tools.nsc.ast.parser.Parsers$Parser.expr(Parsers.scala:1285)
2013-05-07 16:26:35,708 ERROR [Scala Presentation Compiler [DSL2]] - System.err - at scala.tools.nsc.ast.parser.Parsers$Parser.statement(Parsers.scala:1255)
2013-05-07 16:26:35,709 ERROR [Scala Presentation Compiler [DSL2]] - System.err - at scala.tools.nsc.ast.parser.Parsers$Parser$$anonfun$blockStatSeq$1.apply(Parsers.scala:3074)
2013-05-07 16:26:35,709 ERROR [Scala Presentation Compiler [DSL2]] - System.err - at scala.tools.nsc.ast.parser.Parsers$Parser$$anonfun$blockStatSeq$1.apply(Parsers.scala:3066)
2013-05-07 16:26:35,709 ERROR [Scala Presentation Compiler [DSL2]] - System.err - at scala.tools.nsc.ast.parser.Parsers$Parser.checkNoEscapingPlaceholders(Parsers.scala:428)
2013-05-07 16:26:35,709 ERROR [Scala Presentation Compiler [DSL2]] - System.err - at scala.tools.nsc.ast.parser.Parsers$Parser.blockStatSeq(Parsers.scala:3066)
2013-05-07 16:26:35,709 ERROR [Scala Presentation Compiler [DSL2]] - System.err - at scala.tools.nsc.ast.parser.Parsers$Parser.block(Parsers.scala:1654)
2013-05-07 16:26:35,709 ERROR [Scala Presentation Compiler [DSL2]] - System.err - at scala.tools.nsc.ast.parser.Parsers$Parser.blockExpr(Parsers.scala:1643)
2013-05-07 16:26:35,709 ERROR [Scala Presentation Compiler [DSL2]] - System.err - at scala.tools.nsc.ast.parser.Parsers$Parser.simpleExpr(Parsers.scala:1556)
2013-05-07 16:26:35,709 ERROR [Scala Presentation Compiler [DSL2]] - System.err - at scala.tools.nsc.ast.parser.Parsers$Parser.prefixExpr(Parsers.scala:1518)
2013-05-07 16:26:35,709 ERROR [Scala Presentation Compiler [DSL2]] - System.err - at scala.tools.nsc.ast.parser.Parsers$Parser.postfixExpr(Parsers.scala:1478)
2013-05-07 16:26:35,709 ERROR [Scala Presentation Compiler [DSL2]] - System.err - at scala.tools.nsc.ast.parser.Parsers$Parser.parseOther$1(Parsers.scala:1391)
2013-05-07 16:26:35,709 ERROR [Scala Presentation Compiler [DSL2]] - System.err - at scala.tools.nsc.ast.parser.Parsers$Parser.expr0(Parsers.scala:1445)
2013-05-07 16:26:35,709 ERROR [Scala Presentation Compiler [DSL2]] - System.err - at scala.tools.nsc.ast.parser.Parsers$Parser.expr(Parsers.scala:1285)
2013-05-07 16:26:35,709 ERROR [Scala Presentation Compiler [DSL2]] - System.err - at scala.tools.nsc.ast.parser.Parsers$Parser.expr(Parsers.scala:1280)
2013-05-07 16:26:35,709 ERROR [Scala Presentation Compiler [DSL2]] - System.err - at scala.tools.nsc.ast.parser.Parsers$Parser.parseIf$1(Parsers.scala:1300)
2013-05-07 16:26:35,709 ERROR [Scala Presentation Compiler [DSL2]] - System.err - at scala.tools.nsc.ast.parser.Parsers$Parser.expr0(Parsers.scala:1305)
2013-05-07 16:26:35,709 ERROR [Scala Presentation Compiler [DSL2]] - System.err - at scala.tools.nsc.ast.parser.Parsers$Parser.expr(Parsers.scala:1285)
2013-05-07 16:26:35,709 ERROR [Scala Presentation Compiler [DSL2]] - System.err - at scala.tools.nsc.ast.parser.Parsers$Parser.statement(Parsers.scala:1255)
2013-05-07 16:26:35,709 ERROR [Scala Presentation Compiler [DSL2]] - System.err - at scala.tools.nsc.ast.parser.Parsers$Parser$$anonfun$blockStatSeq$1.apply(Parsers.scala:3074)
2013-05-07 16:26:35,709 ERROR [Scala Presentation Compiler [DSL2]] - System.err - at scala.tools.nsc.ast.parser.Parsers$Parser$$anonfun$blockStatSeq$1.apply(Parsers.scala:3066)
2013-05-07 16:26:35,710 ERROR [Scala Presentation Compiler [DSL2]] - System.err - at scala.tools.nsc.ast.parser.Parsers$Parser.checkNoEscapingPlaceholders(Parsers.scala:428)
2013-05-07 16:26:35,710 ERROR [Scala Presentation Compiler [DSL2]] - System.err - at scala.tools.nsc.ast.parser.Parsers$Parser.blockStatSeq(Parsers.scala:3066)
2013-05-07 16:26:35,710 ERROR [Scala Presentation Compiler [DSL2]] - System.err - at scala.tools.nsc.ast.parser.Parsers$Parser.block(Parsers.scala:1654)
2013-05-07 16:26:35,710 ERROR [Scala Presentation Compiler [DSL2]] - System.err - at scala.tools.nsc.ast.parser.Parsers$Parser.blockExpr(Parsers.scala:1643)
2013-05-07 16:26:35,710 ERROR [Scala Presentation Compiler [DSL2]] - System.err - at scala.tools.nsc.ast.parser.Parsers$Parser.funDefRest(Parsers.scala:2560)
2013-05-07 16:26:35,710 ERROR [Scala Presentation Compiler [DSL2]] - System.err - at scala.tools.nsc.ast.parser.Parsers$Parser.funDefOrDcl(Parsers.scala:2538)
2013-05-07 16:26:35,710 ERROR [Scala Presentation Compiler [DSL2]] - System.err - at scala.tools.nsc.ast.parser.Parsers$Parser.defOrDcl(Parsers.scala:2421)
2013-05-07 16:26:35,710 ERROR [Scala Presentation Compiler [DSL2]] - System.err - at scala.tools.nsc.ast.parser.Parsers$Parser.nonLocalDefOrDcl(Parsers.scala:2433)
2013-05-07 16:26:35,710 ERROR [Scala Presentation Compiler [DSL2]] - System.err - at scala.tools.nsc.ast.parser.Parsers$Parser$$anonfun$templateStatSeq$1$$anonfun$apply$5.apply(Parsers.scala:2997)
2013-05-07 16:26:35,710 ERROR [Scala Presentation Compiler [DSL2]] - System.err - at scala.tools.nsc.ast.parser.Parsers$Parser$$anonfun$templateStatSeq$1$$anonfun$apply$5.apply(Parsers.scala:2997)
2013-05-07 16:26:35,710 ERROR [Scala Presentation Compiler [DSL2]] - System.err - at scala.tools.nsc.ast.parser.Parsers$Parser.joinComment(Parsers.scala:683)
2013-05-07 16:26:35,710 ERROR [Scala Presentation Compiler [DSL2]] - System.err - at scala.tools.nsc.ast.parser.Parsers$Parser$$anonfun$templateStatSeq$1.apply(Parsers.scala:2997)
2013-05-07 16:26:35,710 ERROR [Scala Presentation Compiler [DSL2]] - System.err - at scala.tools.nsc.ast.parser.Parsers$Parser$$anonfun$templateStatSeq$1.apply(Parsers.scala:2966)
2013-05-07 16:26:35,710 ERROR [Scala Presentation Compiler [DSL2]] - System.err - at scala.tools.nsc.ast.parser.Parsers$Parser.checkNoEscapingPlaceholders(Parsers.scala:428)
2013-05-07 16:26:35,710 ERROR [Scala Presentation Compiler [DSL2]] - System.err - at scala.tools.nsc.ast.parser.Parsers$Parser.templateStatSeq(Parsers.scala:2966)
2013-05-07 16:26:35,710 ERROR [Scala Presentation Compiler [DSL2]] - System.err - at scala.tools.nsc.ast.parser.Parsers$Parser.templateBody(Parsers.scala:2846)
2013-05-07 16:26:35,710 ERROR [Scala Presentation Compiler [DSL2]] - System.err - at scala.tools.nsc.ast.parser.Parsers$Parser.templateBodyOpt(Parsers.scala:2853)
2013-05-07 16:26:35,710 ERROR [Scala Presentation Compiler [DSL2]] - System.err - at scala.tools.nsc.ast.parser.Parsers$Parser.templateOpt(Parsers.scala:2812)
2013-05-07 16:26:35,711 ERROR [Scala Presentation Compiler [DSL2]] - System.err - at scala.tools.nsc.ast.parser.Parsers$Parser$$anonfun$classDef$1.apply(Parsers.scala:2709)
2013-05-07 16:26:35,711 ERROR [Scala Presentation Compiler [DSL2]] - System.err - at scala.tools.nsc.ast.parser.Parsers$Parser$$anonfun$classDef$1.apply(Parsers.scala:2690)
2013-05-07 16:26:35,711 ERROR [Scala Presentation Compiler [DSL2]] - System.err - at scala.tools.nsc.ast.parser.Parsers$Parser.savingClassContextBounds(Parsers.scala:290)
2013-05-07 16:26:35,711 ERROR [Scala Presentation Compiler [DSL2]] - System.err - at scala.tools.nsc.ast.parser.Parsers$Parser.classDef(Parsers.scala:2690)
2013-05-07 16:26:35,711 ERROR [Scala Presentation Compiler [DSL2]] - System.err - at scala.tools.nsc.ast.parser.Parsers$Parser.tmplDef(Parsers.scala:2666)
2013-05-07 16:26:35,711 ERROR [Scala Presentation Compiler [DSL2]] - System.err - at scala.tools.nsc.ast.parser.Parsers$Parser.topLevelTmplDef(Parsers.scala:2651)
2013-05-07 16:26:35,711 ERROR [Scala Presentation Compiler [DSL2]] - System.err - at scala.tools.nsc.ast.parser.Parsers$Parser$$anonfun$topStatSeq$2.apply(Parsers.scala:2937)
2013-05-07 16:26:35,711 ERROR [Scala Presentation Compiler [DSL2]] - System.err - at scala.tools.nsc.ast.parser.Parsers$Parser$$anonfun$topStatSeq$2.apply(Parsers.scala:2937)
2013-05-07 16:26:35,711 ERROR [Scala Presentation Compiler [DSL2]] - System.err - at scala.tools.nsc.ast.parser.Parsers$Parser.joinComment(Parsers.scala:683)
2013-05-07 16:26:35,711 ERROR [Scala Presentation Compiler [DSL2]] - System.err - at scala.tools.nsc.ast.parser.Parsers$Parser.topStatSeq(Parsers.scala:2937)
2013-05-07 16:26:35,711 ERROR [Scala Presentation Compiler [DSL2]] - System.err - at scala.tools.nsc.ast.parser.Parsers$Parser$$anonfun$compilationUnit$1.topstats$1(Parsers.scala:3132)
2013-05-07 16:26:35,711 ERROR [Scala Presentation Compiler [DSL2]] - System.err - at scala.tools.nsc.ast.parser.Parsers$Parser$$anonfun$compilationUnit$1.topstats$1(Parsers.scala:3124)
2013-05-07 16:26:35,711 ERROR [Scala Presentation Compiler [DSL2]] - System.err - at scala.tools.nsc.ast.parser.Parsers$Parser$$anonfun$compilationUnit$1.apply(Parsers.scala:3138)
2013-05-07 16:26:35,711 ERROR [Scala Presentation Compiler [DSL2]] - System.err - at scala.tools.nsc.ast.parser.Parsers$Parser$$anonfun$compilationUnit$1.apply(Parsers.scala:3102)
2013-05-07 16:26:35,711 ERROR [Scala Presentation Compiler [DSL2]] - System.err - at scala.tools.nsc.ast.parser.Parsers$Parser.checkNoEscapingPlaceholders(Parsers.scala:428)
2013-05-07 16:26:35,711 ERROR [Scala Presentation Compiler [DSL2]] - System.err - at scala.tools.nsc.ast.parser.Parsers$Parser.compilationUnit(Parsers.scala:3102)
2013-05-07 16:26:35,711 ERROR [Scala Presentation Compiler [DSL2]] - System.err - at scala.tools.nsc.ast.parser.Parsers$SourceFileParser$$anonfun$parseStartRule$1.apply(Parsers.scala:141)
2013-05-07 16:26:35,711 ERROR [Scala Presentation Compiler [DSL2]] - System.err - at scala.tools.nsc.ast.parser.Parsers$SourceFileParser$$anonfun$parseStartRule$1.apply(Parsers.scala:141)
2013-05-07 16:26:35,711 ERROR [Scala Presentation Compiler [DSL2]] - System.err - at scala.tools.nsc.ast.parser.Parsers$Parser.parse(Parsers.scala:313)
2013-05-07 16:26:35,712 ERROR [Scala Presentation Compiler [DSL2]] - System.err - at scala.tools.nsc.ast.parser.Parsers$UnitParser.smartParse(Parsers.scala:242)
2013-05-07 16:26:35,712 ERROR [Scala Presentation Compiler [DSL2]] - System.err - at scala.tools.nsc.ast.parser.SyntaxAnalyzer$ParserPhase.apply(SyntaxAnalyzer.scala:29)
2013-05-07 16:26:35,712 ERROR [Scala Presentation Compiler [DSL2]] - System.err - at scala.tools.nsc.Global$GlobalPhase.applyPhase(Global.scala:463)
2013-05-07 16:26:35,712 ERROR [Scala Presentation Compiler [DSL2]] - System.err - at scala.tools.nsc.Global$Run$$anonfun$compileLate$2$$anonfun$apply$1.apply(Global.scala:1682)
2013-05-07 16:26:35,712 ERROR [Scala Presentation Compiler [DSL2]] - System.err - at scala.tools.nsc.Global$Run$$anonfun$compileLate$2$$anonfun$apply$1.apply(Global.scala:1682)
2013-05-07 16:26:35,712 ERROR [Scala Presentation Compiler [DSL2]] - System.err - at scala.reflect.internal.SymbolTable.atPhase(SymbolTable.scala:207)
2013-05-07 16:26:35,712 ERROR [Scala Presentation Compiler [DSL2]] - System.err - at scala.tools.nsc.Global$Run$$anonfun$compileLate$2.apply(Global.scala:1682)
2013-05-07 16:26:35,712 ERROR [Scala Presentation Compiler [DSL2]] - System.err - at scala.tools.nsc.Global$Run$$anonfun$compileLate$2.apply(Global.scala:1681)
2013-05-07 16:26:35,712 ERROR [Scala Presentation Compiler [DSL2]] - System.err - at scala.collection.Iterator$class.foreach(Iterator.scala:727)
2013-05-07 16:26:35,712 ERROR [Scala Presentation Compiler [DSL2]] - System.err - at scala.collection.AbstractIterator.foreach(Iterator.scala:1157)
2013-05-07 16:26:35,712 ERROR [Scala Presentation Compiler [DSL2]] - System.err - at scala.tools.nsc.Global$Run.compileLate(Global.scala:1681)
2013-05-07 16:26:35,712 ERROR [Scala Presentation Compiler [DSL2]] - System.err - at scala.tools.nsc.interactive.Global.scala$tools$nsc$interactive$Global$$parseAndEnter(Global.scala:574)
2013-05-07 16:26:35,712 ERROR [Scala Presentation Compiler [DSL2]] - System.err - at scala.tools.nsc.interactive.Global.backgroundCompile(Global.scala:481)
2013-05-07 16:26:35,712 ERROR [Scala Presentation Compiler [DSL2]] - System.err - at scala.tools.nsc.interactive.PresentationCompilerThread.run(PresentationCompilerThread.scala:25)
2013-05-07 16:26:39,533 ERROR [Scala Presentation Compiler [DSL2]] - System.err - java.lang.UnsupportedOperationException: Position.point on class scala.reflect.internal.util.NoPosition$
2013-05-07 16:26:39,534 ERROR [Scala Presentation Compiler [DSL2]] - System.err - at scala.reflect.internal.util.Position.point(Position.scala:120)
2013-05-07 16:26:39,534 ERROR [Scala Presentation Compiler [DSL2]] - System.err - at scala.reflect.internal.util.Position.endOrPoint(Position.scala:129)
2013-05-07 16:26:39,534 ERROR [Scala Presentation Compiler [DSL2]] - System.err - at scala.tools.nsc.ast.parser.TreeBuilder.makeWhile(TreeBuilder.scala:255)
2013-05-07 16:26:39,534 ERROR [Scala Presentation Compiler [DSL2]] - System.err - at scala.tools.nsc.ast.parser.Parsers$Parser.parseWhile$1(Parsers.scala:1339)
2013-05-07 16:26:39,534 ERROR [Scala Presentation Compiler [DSL2]] - System.err - at scala.tools.nsc.ast.parser.Parsers$Parser.expr0(Parsers.scala:1342)
2013-05-07 16:26:39,534 ERROR [Scala Presentation Compiler [DSL2]] - System.err - at scala.tools.nsc.ast.parser.Parsers$Parser.expr(Parsers.scala:1285)
2013-05-07 16:26:39,534 ERROR [Scala Presentation Compiler [DSL2]] - System.err - at scala.tools.nsc.ast.parser.Parsers$Parser.statement(Parsers.scala:1255)
2013-05-07 16:26:39,535 ERROR [Scala Presentation Compiler [DSL2]] - System.err - at scala.tools.nsc.ast.parser.Parsers$Parser$$anonfun$blockStatSeq$1.apply(Parsers.scala:3074)
2013-05-07 16:26:39,535 ERROR [Scala Presentation Compiler [DSL2]] - System.err - at scala.tools.nsc.ast.parser.Parsers$Parser$$anonfun$blockStatSeq$1.apply(Parsers.scala:3066)
2013-05-07 16:26:39,535 ERROR [Scala Presentation Compiler [DSL2]] - System.err - at scala.tools.nsc.ast.parser.Parsers$Parser.checkNoEscapingPlaceholders(Parsers.scala:428)
2013-05-07 16:26:39,535 ERROR [Scala Presentation Compiler [DSL2]] - System.err - at scala.tools.nsc.ast.parser.Parsers$Parser.blockStatSeq(Parsers.scala:3066)
2013-05-07 16:26:39,535 ERROR [Scala Presentation Compiler [DSL2]] - System.err - at scala.tools.nsc.ast.parser.Parsers$Parser.block(Parsers.scala:1654)
2013-05-07 16:26:39,535 ERROR [Scala Presentation Compiler [DSL2]] - System.err - at scala.tools.nsc.ast.parser.Parsers$Parser.blockExpr(Parsers.scala:1643)
2013-05-07 16:26:39,535 ERROR [Scala Presentation Compiler [DSL2]] - System.err - at scala.tools.nsc.ast.parser.Parsers$Parser.simpleExpr(Parsers.scala:1556)
2013-05-07 16:26:39,535 ERROR [Scala Presentation Compiler [DSL2]] - System.err - at scala.tools.nsc.ast.parser.Parsers$Parser.prefixExpr(Parsers.scala:1518)
2013-05-07 16:26:39,535 ERROR [Scala Presentation Compiler [DSL2]] - System.err - at scala.tools.nsc.ast.parser.Parsers$Parser.postfixExpr(Parsers.scala:1478)
2013-05-07 16:26:39,535 ERROR [Scala Presentation Compiler [DSL2]] - System.err - at scala.tools.nsc.ast.parser.Parsers$Parser.parseOther$1(Parsers.scala:1391)
2013-05-07 16:26:39,535 ERROR [Scala Presentation Compiler [DSL2]] - System.err - at scala.tools.nsc.ast.parser.Parsers$Parser.expr0(Parsers.scala:1445)
2013-05-07 16:26:39,535 ERROR [Scala Presentation Compiler [DSL2]] - System.err - at scala.tools.nsc.ast.parser.Parsers$Parser.expr(Parsers.scala:1285)
2013-05-07 16:26:39,535 ERROR [Scala Presentation Compiler [DSL2]] - System.err - at scala.tools.nsc.ast.parser.Parsers$Parser.expr(Parsers.scala:1280)
2013-05-07 16:26:39,536 ERROR [Scala Presentation Compiler [DSL2]] - System.err - at scala.tools.nsc.ast.parser.Parsers$Parser.parseWhile$1(Parsers.scala:1338)
2013-05-07 16:26:39,536 ERROR [Scala Presentation Compiler [DSL2]] - System.err - at scala.tools.nsc.ast.parser.Parsers$Parser.expr0(Parsers.scala:1342)
2013-05-07 16:26:39,536 ERROR [Scala Presentation Compiler [DSL2]] - System.err - at scala.tools.nsc.ast.parser.Parsers$Parser.expr(Parsers.scala:1285)
2013-05-07 16:26:39,536 ERROR [Scala Presentation Compiler [DSL2]] - System.err - at scala.tools.nsc.ast.parser.Parsers$Parser.statement(Parsers.scala:1255)
2013-05-07 16:26:39,536 ERROR [Scala Presentation Compiler [DSL2]] - System.err - at scala.tools.nsc.ast.parser.Parsers$Parser$$anonfun$blockStatSeq$1.apply(Parsers.scala:3074)
2013-05-07 16:26:39,536 ERROR [Scala Presentation Compiler [DSL2]] - System.err - at scala.tools.nsc.ast.parser.Parsers$Parser$$anonfun$blockStatSeq$1.apply(Parsers.scala:3066)
2013-05-07 16:26:39,536 ERROR [Scala Presentation Compiler [DSL2]] - System.err - at scala.tools.nsc.ast.parser.Parsers$Parser.checkNoEscapingPlaceholders(Parsers.scala:428)
2013-05-07 16:26:39,536 ERROR [Scala Presentation Compiler [DSL2]] - System.err - at scala.tools.nsc.ast.parser.Parsers$Parser.blockStatSeq(Parsers.scala:3066)
2013-05-07 16:26:39,536 ERROR [Scala Presentation Compiler [DSL2]] - System.err - at scala.tools.nsc.ast.parser.Parsers$Parser.block(Parsers.scala:1654)
2013-05-07 16:26:39,536 ERROR [Scala Presentation Compiler [DSL2]] - System.err - at scala.tools.nsc.ast.parser.Parsers$Parser.blockExpr(Parsers.scala:1643)
2013-05-07 16:26:39,536 ERROR [Scala Presentation Compiler [DSL2]] - System.err - at scala.tools.nsc.ast.parser.Parsers$Parser.simpleExpr(Parsers.scala:1556)
2013-05-07 16:26:39,536 ERROR [Scala Presentation Compiler [DSL2]] - System.err - at scala.tools.nsc.ast.parser.Parsers$Parser.prefixExpr(Parsers.scala:1518)
2013-05-07 16:26:39,537 ERROR [Scala Presentation Compiler [DSL2]] - System.err - at scala.tools.nsc.ast.parser.Parsers$Parser.postfixExpr(Parsers.scala:1478)
2013-05-07 16:26:39,537 ERROR [Scala Presentation Compiler [DSL2]] - System.err - at scala.tools.nsc.ast.parser.Parsers$Parser.parseOther$1(Parsers.scala:1391)
2013-05-07 16:26:39,537 ERROR [Scala Presentation Compiler [DSL2]] - System.err - at scala.tools.nsc.ast.parser.Parsers$Parser.expr0(Parsers.scala:1445)
2013-05-07 16:26:39,537 ERROR [Scala Presentation Compiler [DSL2]] - System.err - at scala.tools.nsc.ast.parser.Parsers$Parser.expr(Parsers.scala:1285)
2013-05-07 16:26:39,537 ERROR [Scala Presentation Compiler [DSL2]] - System.err - at scala.tools.nsc.ast.parser.Parsers$Parser.expr(Parsers.scala:1280)
2013-05-07 16:26:39,537 ERROR [Scala Presentation Compiler [DSL2]] - System.err - at scala.tools.nsc.ast.parser.Parsers$Parser.parseIf$1(Parsers.scala:1300)
2013-05-07 16:26:39,537 ERROR [Scala Presentation Compiler [DSL2]] - System.err - at scala.tools.nsc.ast.parser.Parsers$Parser.expr0(Parsers.scala:1305)
2013-05-07 16:26:39,537 ERROR [Scala Presentation Compiler [DSL2]] - System.err - at scala.tools.nsc.ast.parser.Parsers$Parser.expr(Parsers.scala:1285)
2013-05-07 16:26:39,537 ERROR [Scala Presentation Compiler [DSL2]] - System.err - at scala.tools.nsc.ast.parser.Parsers$Parser.statement(Parsers.scala:1255)
2013-05-07 16:26:39,537 ERROR [Scala Presentation Compiler [DSL2]] - System.err - at scala.tools.nsc.ast.parser.Parsers$Parser$$anonfun$blockStatSeq$1.apply(Parsers.scala:3074)
2013-05-07 16:26:39,537 ERROR [Scala Presentation Compiler [DSL2]] - System.err - at scala.tools.nsc.ast.parser.Parsers$Parser$$anonfun$blockStatSeq$1.apply(Parsers.scala:3066)
2013-05-07 16:26:39,537 ERROR [Scala Presentation Compiler [DSL2]] - System.err - at scala.tools.nsc.ast.parser.Parsers$Parser.checkNoEscapingPlaceholders(Parsers.scala:428)
2013-05-07 16:26:39,538 ERROR [Scala Presentation Compiler [DSL2]] - System.err - at scala.tools.nsc.ast.parser.Parsers$Parser.blockStatSeq(Parsers.scala:3066)
2013-05-07 16:26:39,538 ERROR [Scala Presentation Compiler [DSL2]] - System.err - at scala.tools.nsc.ast.parser.Parsers$Parser.block(Parsers.scala:1654)
2013-05-07 16:26:39,538 ERROR [Scala Presentation Compiler [DSL2]] - System.err - at scala.tools.nsc.ast.parser.Parsers$Parser.blockExpr(Parsers.scala:1643)
2013-05-07 16:26:39,538 ERROR [Scala Presentation Compiler [DSL2]] - System.err - at scala.tools.nsc.ast.parser.Parsers$Parser.funDefRest(Parsers.scala:2560)
2013-05-07 16:26:39,538 ERROR [Scala Presentation Compiler [DSL2]] - System.err - at scala.tools.nsc.ast.parser.Parsers$Parser.funDefOrDcl(Parsers.scala:2538)
2013-05-07 16:26:39,538 ERROR [Scala Presentation Compiler [DSL2]] - System.err - at scala.tools.nsc.ast.parser.Parsers$Parser.defOrDcl(Parsers.scala:2421)
2013-05-07 16:26:39,538 ERROR [Scala Presentation Compiler [DSL2]] - System.err - at scala.tools.nsc.ast.parser.Parsers$Parser.nonLocalDefOrDcl(Parsers.scala:2433)
2013-05-07 16:26:39,538 ERROR [Scala Presentation Compiler [DSL2]] - System.err - at scala.tools.nsc.ast.parser.Parsers$Parser$$anonfun$templateStatSeq$1$$anonfun$apply$5.apply(Parsers.scala:2997)
2013-05-07 16:26:39,538 ERROR [Scala Presentation Compiler [DSL2]] - System.err - at scala.tools.nsc.ast.parser.Parsers$Parser$$anonfun$templateStatSeq$1$$anonfun$apply$5.apply(Parsers.scala:2997)
2013-05-07 16:26:39,538 ERROR [Scala Presentation Compiler [DSL2]] - System.err - at scala.tools.nsc.ast.parser.Parsers$Parser.joinComment(Parsers.scala:683)
2013-05-07 16:26:39,538 ERROR [Scala Presentation Compiler [DSL2]] - System.err - at scala.tools.nsc.ast.parser.Parsers$Parser$$anonfun$templateStatSeq$1.apply(Parsers.scala:2997)
2013-05-07 16:26:39,538 ERROR [Scala Presentation Compiler [DSL2]] - System.err - at scala.tools.nsc.ast.parser.Parsers$Parser$$anonfun$templateStatSeq$1.apply(Parsers.scala:2966)
2013-05-07 16:26:39,538 ERROR [Scala Presentation Compiler [DSL2]] - System.err - at scala.tools.nsc.ast.parser.Parsers$Parser.checkNoEscapingPlaceholders(Parsers.scala:428)
2013-05-07 16:26:39,539 ERROR [Scala Presentation Compiler [DSL2]] - System.err - at scala.tools.nsc.ast.parser.Parsers$Parser.templateStatSeq(Parsers.scala:2966)
2013-05-07 16:26:39,539 ERROR [Scala Presentation Compiler [DSL2]] - System.err - at scala.tools.nsc.ast.parser.Parsers$Parser.templateBody(Parsers.scala:2846)
2013-05-07 16:26:39,539 ERROR [Scala Presentation Compiler [DSL2]] - System.err - at scala.tools.nsc.ast.parser.Parsers$Parser.templateBodyOpt(Parsers.scala:2853)
2013-05-07 16:26:39,539 ERROR [Scala Presentation Compiler [DSL2]] - System.err - at scala.tools.nsc.ast.parser.Parsers$Parser.templateOpt(Parsers.scala:2812)
2013-05-07 16:26:39,539 ERROR [Scala Presentation Compiler [DSL2]] - System.err - at scala.tools.nsc.ast.parser.Parsers$Parser$$anonfun$classDef$1.apply(Parsers.scala:2709)
2013-05-07 16:26:39,539 ERROR [Scala Presentation Compiler [DSL2]] - System.err - at scala.tools.nsc.ast.parser.Parsers$Parser$$anonfun$classDef$1.apply(Parsers.scala:2690)
2013-05-07 16:26:39,539 ERROR [Scala Presentation Compiler [DSL2]] - System.err - at scala.tools.nsc.ast.parser.Parsers$Parser.savingClassContextBounds(Parsers.scala:290)
2013-05-07 16:26:39,539 ERROR [Scala Presentation Compiler [DSL2]] - System.err - at scala.tools.nsc.ast.parser.Parsers$Parser.classDef(Parsers.scala:2690)
2013-05-07 16:26:39,539 ERROR [Scala Presentation Compiler [DSL2]] - System.err - at scala.tools.nsc.ast.parser.Parsers$Parser.tmplDef(Parsers.scala:2666)
2013-05-07 16:26:39,539 ERROR [Scala Presentation Compiler [DSL2]] - System.err - at scala.tools.nsc.ast.parser.Parsers$Parser.topLevelTmplDef(Parsers.scala:2651)
2013-05-07 16:26:39,539 ERROR [Scala Presentation Compiler [DSL2]] - System.err - at scala.tools.nsc.ast.parser.Parsers$Parser$$anonfun$topStatSeq$2.apply(Parsers.scala:2937)
2013-05-07 16:26:39,539 ERROR [Scala Presentation Compiler [DSL2]] - System.err - at scala.tools.nsc.ast.parser.Parsers$Parser$$anonfun$topStatSeq$2.apply(Parsers.scala:2937)
2013-05-07 16:26:39,540 ERROR [Scala Presentation Compiler [DSL2]] - System.err - at scala.tools.nsc.ast.parser.Parsers$Parser.joinComment(Parsers.scala:683)
2013-05-07 16:26:39,540 ERROR [Scala Presentation Compiler [DSL2]] - System.err - at scala.tools.nsc.ast.parser.Parsers$Parser.topStatSeq(Parsers.scala:2937)
2013-05-07 16:26:39,540 ERROR [Scala Presentation Compiler [DSL2]] - System.err - at scala.tools.nsc.ast.parser.Parsers$Parser$$anonfun$compilationUnit$1.topstats$1(Parsers.scala:3132)
2013-05-07 16:26:39,540 ERROR [Scala Presentation Compiler [DSL2]] - System.err - at scala.tools.nsc.ast.parser.Parsers$Parser$$anonfun$compilationUnit$1.topstats$1(Parsers.scala:3124)
2013-05-07 16:26:39,540 ERROR [Scala Presentation Compiler [DSL2]] - System.err - at scala.tools.nsc.ast.parser.Parsers$Parser$$anonfun$compilationUnit$1.apply(Parsers.scala:3138)
2013-05-07 16:26:39,540 ERROR [Scala Presentation Compiler [DSL2]] - System.err - at scala.tools.nsc.ast.parser.Parsers$Parser$$anonfun$compilationUnit$1.apply(Parsers.scala:3102)
2013-05-07 16:26:39,540 ERROR [Scala Presentation Compiler [DSL2]] - System.err - at scala.tools.nsc.ast.parser.Parsers$Parser.checkNoEscapingPlaceholders(Parsers.scala:428)
2013-05-07 16:26:39,540 ERROR [Scala Presentation Compiler [DSL2]] - System.err - at scala.tools.nsc.ast.parser.Parsers$Parser.compilationUnit(Parsers.scala:3102)
2013-05-07 16:26:39,540 ERROR [Scala Presentation Compiler [DSL2]] - System.err - at scala.tools.nsc.ast.parser.Parsers$SourceFileParser$$anonfun$parseStartRule$1.apply(Parsers.scala:141)
2013-05-07 16:26:39,540 ERROR [Scala Presentation Compiler [DSL2]] - System.err - at scala.tools.nsc.ast.parser.Parsers$SourceFileParser$$anonfun$parseStartRule$1.apply(Parsers.scala:141)
2013-05-07 16:26:39,540 ERROR [Scala Presentation Compiler [DSL2]] - System.err - at scala.tools.nsc.ast.parser.Parsers$Parser.parse(Parsers.scala:313)
2013-05-07 16:26:39,540 ERROR [Scala Presentation Compiler [DSL2]] - System.err - at scala.tools.nsc.ast.parser.Parsers$UnitParser.smartParse(Parsers.scala:242)
2013-05-07 16:26:39,541 ERROR [Scala Presentation Compiler [DSL2]] - System.err - at scala.tools.nsc.ast.parser.SyntaxAnalyzer$ParserPhase.apply(SyntaxAnalyzer.scala:29)
2013-05-07 16:26:39,541 ERROR [Scala Presentation Compiler [DSL2]] - System.err - at scala.tools.nsc.Global$GlobalPhase.applyPhase(Global.scala:463)
2013-05-07 16:26:39,541 ERROR [Scala Presentation Compiler [DSL2]] - System.err - at scala.tools.nsc.Global$Run$$anonfun$compileLate$2$$anonfun$apply$1.apply(Global.scala:1682)
2013-05-07 16:26:39,541 ERROR [Scala Presentation Compiler [DSL2]] - System.err - at scala.tools.nsc.Global$Run$$anonfun$compileLate$2$$anonfun$apply$1.apply(Global.scala:1682)
2013-05-07 16:26:39,541 ERROR [Scala Presentation Compiler [DSL2]] - System.err - at scala.reflect.internal.SymbolTable.atPhase(SymbolTable.scala:207)
2013-05-07 16:26:39,541 ERROR [Scala Presentation Compiler [DSL2]] - System.err - at scala.tools.nsc.Global$Run$$anonfun$compileLate$2.apply(Global.scala:1682)
2013-05-07 16:26:39,541 ERROR [Scala Presentation Compiler [DSL2]] - System.err - at scala.tools.nsc.Global$Run$$anonfun$compileLate$2.apply(Global.scala:1681)
2013-05-07 16:26:39,541 ERROR [Scala Presentation Compiler [DSL2]] - System.err - at scala.collection.Iterator$class.foreach(Iterator.scala:727)
2013-05-07 16:26:39,541 ERROR [Scala Presentation Compiler [DSL2]] - System.err - at scala.collection.AbstractIterator.foreach(Iterator.scala:1157)
2013-05-07 16:26:39,541 ERROR [Scala Presentation Compiler [DSL2]] - System.err - at scala.tools.nsc.Global$Run.compileLate(Global.scala:1681)
2013-05-07 16:26:39,541 ERROR [Scala Presentation Compiler [DSL2]] - System.err - at scala.tools.nsc.interactive.Global.scala$tools$nsc$interactive$Global$$parseAndEnter(Global.scala:574)
2013-05-07 16:26:39,541 ERROR [Scala Presentation Compiler [DSL2]] - System.err - at scala.tools.nsc.interactive.Global.backgroundCompile(Global.scala:481)
2013-05-07 16:26:39,542 ERROR [Scala Presentation Compiler [DSL2]] - System.err - at scala.tools.nsc.interactive.PresentationCompilerThread.run(PresentationCompilerThread.scala:25)
2013-05-07 16:26:44,772 ERROR [Scala Presentation Compiler [DSL2]] - System.err - java.lang.UnsupportedOperationException: Position.point on class scala.reflect.internal.util.NoPosition$
2013-05-07 16:26:44,772 ERROR [Scala Presentation Compiler [DSL2]] - System.err - at scala.reflect.internal.util.Position.point(Position.scala:120)
2013-05-07 16:26:44,772 ERROR [Scala Presentation Compiler [DSL2]] - System.err - at scala.reflect.internal.util.Position.endOrPoint(Position.scala:129)
2013-05-07 16:26:44,772 ERROR [Scala Presentation Compiler [DSL2]] - System.err - at scala.tools.nsc.ast.parser.TreeBuilder.makeWhile(TreeBuilder.scala:255)
2013-05-07 16:26:44,772 ERROR [Scala Presentation Compiler [DSL2]] - System.err - at scala.tools.nsc.ast.parser.Parsers$Parser.parseWhile$1(Parsers.scala:1339)
2013-05-07 16:26:44,772 ERROR [Scala Presentation Compiler [DSL2]] - System.err - at scala.tools.nsc.ast.parser.Parsers$Parser.expr0(Parsers.scala:1342)
2013-05-07 16:26:44,772 ERROR [Scala Presentation Compiler [DSL2]] - System.err - at scala.tools.nsc.ast.parser.Parsers$Parser.expr(Parsers.scala:1285)
2013-05-07 16:26:44,772 ERROR [Scala Presentation Compiler [DSL2]] - System.err - at scala.tools.nsc.ast.parser.Parsers$Parser.statement(Parsers.scala:1255)
2013-05-07 16:26:44,772 ERROR [Scala Presentation Compiler [DSL2]] - System.err - at scala.tools.nsc.ast.parser.Parsers$Parser$$anonfun$blockStatSeq$1.apply(Parsers.scala:3074)
2013-05-07 16:26:44,773 ERROR [Scala Presentation Compiler [DSL2]] - System.err - at scala.tools.nsc.ast.parser.Parsers$Parser$$anonfun$blockStatSeq$1.apply(Parsers.scala:3066)
2013-05-07 16:26:44,773 ERROR [Scala Presentation Compiler [DSL2]] - System.err - at scala.tools.nsc.ast.parser.Parsers$Parser.checkNoEscapingPlaceholders(Parsers.scala:428)
2013-05-07 16:26:44,773 ERROR [Scala Presentation Compiler [DSL2]] - System.err - at scala.tools.nsc.ast.parser.Parsers$Parser.blockStatSeq(Parsers.scala:3066)
2013-05-07 16:26:44,773 ERROR [Scala Presentation Compiler [DSL2]] - System.err - at scala.tools.nsc.ast.parser.Parsers$Parser.block(Parsers.scala:1654)
2013-05-07 16:26:44,773 ERROR [Scala Presentation Compiler [DSL2]] - System.err - at scala.tools.nsc.ast.parser.Parsers$Parser.blockExpr(Parsers.scala:1643)
2013-05-07 16:26:44,773 ERROR [Scala Presentation Compiler [DSL2]] - System.err - at scala.tools.nsc.ast.parser.Parsers$Parser.simpleExpr(Parsers.scala:1556)
2013-05-07 16:26:44,773 ERROR [Scala Presentation Compiler [DSL2]] - System.err - at scala.tools.nsc.ast.parser.Parsers$Parser.prefixExpr(Parsers.scala:1518)
2013-05-07 16:26:44,773 ERROR [Scala Presentation Compiler [DSL2]] - System.err - at scala.tools.nsc.ast.parser.Parsers$Parser.postfixExpr(Parsers.scala:1478)
2013-05-07 16:26:44,773 ERROR [Scala Presentation Compiler [DSL2]] - System.err - at scala.tools.nsc.ast.parser.Parsers$Parser.parseOther$1(Parsers.scala:1391)
2013-05-07 16:26:44,773 ERROR [Scala Presentation Compiler [DSL2]] - System.err - at scala.tools.nsc.ast.parser.Parsers$Parser.expr0(Parsers.scala:1445)
2013-05-07 16:26:44,773 ERROR [Scala Presentation Compiler [DSL2]] - System.err - at scala.tools.nsc.ast.parser.Parsers$Parser.expr(Parsers.scala:1285)
2013-05-07 16:26:44,773 ERROR [Scala Presentation Compiler [DSL2]] - System.err - at scala.tools.nsc.ast.parser.Parsers$Parser.expr(Parsers.scala:1280)
2013-05-07 16:26:44,773 ERROR [Scala Presentation Compiler [DSL2]] - System.err - at scala.tools.nsc.ast.parser.Parsers$Parser.parseWhile$1(Parsers.scala:1338)
2013-05-07 16:26:44,773 ERROR [Scala Presentation Compiler [DSL2]] - System.err - at scala.tools.nsc.ast.parser.Parsers$Parser.expr0(Parsers.scala:1342)
2013-05-07 16:26:44,773 ERROR [Scala Presentation Compiler [DSL2]] - System.err - at scala.tools.nsc.ast.parser.Parsers$Parser.expr(Parsers.scala:1285)
2013-05-07 16:26:44,773 ERROR [Scala Presentation Compiler [DSL2]] - System.err - at scala.tools.nsc.ast.parser.Parsers$Parser.statement(Parsers.scala:1255)
2013-05-07 16:26:44,773 ERROR [Scala Presentation Compiler [DSL2]] - System.err - at scala.tools.nsc.ast.parser.Parsers$Parser$$anonfun$blockStatSeq$1.apply(Parsers.scala:3074)
2013-05-07 16:26:44,773 ERROR [Scala Presentation Compiler [DSL2]] - System.err - at scala.tools.nsc.ast.parser.Parsers$Parser$$anonfun$blockStatSeq$1.apply(Parsers.scala:3066)
2013-05-07 16:26:44,774 ERROR [Scala Presentation Compiler [DSL2]] - System.err - at scala.tools.nsc.ast.parser.Parsers$Parser.checkNoEscapingPlaceholders(Parsers.scala:428)
2013-05-07 16:26:44,774 ERROR [Scala Presentation Compiler [DSL2]] - System.err - at scala.tools.nsc.ast.parser.Parsers$Parser.blockStatSeq(Parsers.scala:3066)
2013-05-07 16:26:44,774 ERROR [Scala Presentation Compiler [DSL2]] - System.err - at scala.tools.nsc.ast.parser.Parsers$Parser.block(Parsers.scala:1654)
2013-05-07 16:26:44,774 ERROR [Scala Presentation Compiler [DSL2]] - System.err - at scala.tools.nsc.ast.parser.Parsers$Parser.blockExpr(Parsers.scala:1643)
2013-05-07 16:26:44,774 ERROR [Scala Presentation Compiler [DSL2]] - System.err - at scala.tools.nsc.ast.parser.Parsers$Parser.simpleExpr(Parsers.scala:1556)
2013-05-07 16:26:44,774 ERROR [Scala Presentation Compiler [DSL2]] - System.err - at scala.tools.nsc.ast.parser.Parsers$Parser.prefixExpr(Parsers.scala:1518)
2013-05-07 16:26:44,774 ERROR [Scala Presentation Compiler [DSL2]] - System.err - at scala.tools.nsc.ast.parser.Parsers$Parser.postfixExpr(Parsers.scala:1478)
2013-05-07 16:26:44,774 ERROR [Scala Presentation Compiler [DSL2]] - System.err - at scala.tools.nsc.ast.parser.Parsers$Parser.parseOther$1(Parsers.scala:1391)
2013-05-07 16:26:44,774 ERROR [Scala Presentation Compiler [DSL2]] - System.err - at scala.tools.nsc.ast.parser.Parsers$Parser.expr0(Parsers.scala:1445)
2013-05-07 16:26:44,774 ERROR [Scala Presentation Compiler [DSL2]] - System.err - at scala.tools.nsc.ast.parser.Parsers$Parser.expr(Parsers.scala:1285)
2013-05-07 16:26:44,774 ERROR [Scala Presentation Compiler [DSL2]] - System.err - at scala.tools.nsc.ast.parser.Parsers$Parser.expr(Parsers.scala:1280)
2013-05-07 16:26:44,774 ERROR [Scala Presentation Compiler [DSL2]] - System.err - at scala.tools.nsc.ast.parser.Parsers$Parser.parseIf$1(Parsers.scala:1300)
2013-05-07 16:26:44,774 ERROR [Scala Presentation Compiler [DSL2]] - System.err - at scala.tools.nsc.ast.parser.Parsers$Parser.expr0(Parsers.scala:1305)
2013-05-07 16:26:44,774 ERROR [Scala Presentation Compiler [DSL2]] - System.err - at scala.tools.nsc.ast.parser.Parsers$Parser.expr(Parsers.scala:1285)
2013-05-07 16:26:44,774 ERROR [Scala Presentation Compiler [DSL2]] - System.err - at scala.tools.nsc.ast.parser.Parsers$Parser.statement(Parsers.scala:1255)
2013-05-07 16:26:44,774 ERROR [Scala Presentation Compiler [DSL2]] - System.err - at scala.tools.nsc.ast.parser.Parsers$Parser$$anonfun$blockStatSeq$1.apply(Parsers.scala:3074)
2013-05-07 16:26:44,774 ERROR [Scala Presentation Compiler [DSL2]] - System.err - at scala.tools.nsc.ast.parser.Parsers$Parser$$anonfun$blockStatSeq$1.apply(Parsers.scala:3066)
2013-05-07 16:26:44,774 ERROR [Scala Presentation Compiler [DSL2]] - System.err - at scala.tools.nsc.ast.parser.Parsers$Parser.checkNoEscapingPlaceholders(Parsers.scala:428)
2013-05-07 16:26:44,774 ERROR [Scala Presentation Compiler [DSL2]] - System.err - at scala.tools.nsc.ast.parser.Parsers$Parser.blockStatSeq(Parsers.scala:3066)
2013-05-07 16:26:44,775 ERROR [Scala Presentation Compiler [DSL2]] - System.err - at scala.tools.nsc.ast.parser.Parsers$Parser.block(Parsers.scala:1654)
2013-05-07 16:26:44,775 ERROR [Scala Presentation Compiler [DSL2]] - System.err - at scala.tools.nsc.ast.parser.Parsers$Parser.blockExpr(Parsers.scala:1643)
2013-05-07 16:26:44,775 ERROR [Scala Presentation Compiler [DSL2]] - System.err - at scala.tools.nsc.ast.parser.Parsers$Parser.funDefRest(Parsers.scala:2560)
2013-05-07 16:26:44,775 ERROR [Scala Presentation Compiler [DSL2]] - System.err - at scala.tools.nsc.ast.parser.Parsers$Parser.funDefOrDcl(Parsers.scala:2538)
2013-05-07 16:26:44,775 ERROR [Scala Presentation Compiler [DSL2]] - System.err - at scala.tools.nsc.ast.parser.Parsers$Parser.defOrDcl(Parsers.scala:2421)
2013-05-07 16:26:44,775 ERROR [Scala Presentation Compiler [DSL2]] - System.err - at scala.tools.nsc.ast.parser.Parsers$Parser.nonLocalDefOrDcl(Parsers.scala:2433)
2013-05-07 16:26:44,775 ERROR [Scala Presentation Compiler [DSL2]] - System.err - at scala.tools.nsc.ast.parser.Parsers$Parser$$anonfun$templateStatSeq$1$$anonfun$apply$5.apply(Parsers.scala:2997)
2013-05-07 16:26:44,775 ERROR [Scala Presentation Compiler [DSL2]] - System.err - at scala.tools.nsc.ast.parser.Parsers$Parser$$anonfun$templateStatSeq$1$$anonfun$apply$5.apply(Parsers.scala:2997)
2013-05-07 16:26:44,775 ERROR [Scala Presentation Compiler [DSL2]] - System.err - at scala.tools.nsc.ast.parser.Parsers$Parser.joinComment(Parsers.scala:683)
2013-05-07 16:26:44,775 ERROR [Scala Presentation Compiler [DSL2]] - System.err - at scala.tools.nsc.ast.parser.Parsers$Parser$$anonfun$templateStatSeq$1.apply(Parsers.scala:2997)
2013-05-07 16:26:44,775 ERROR [Scala Presentation Compiler [DSL2]] - System.err - at scala.tools.nsc.ast.parser.Parsers$Parser$$anonfun$templateStatSeq$1.apply(Parsers.scala:2966)
2013-05-07 16:26:44,775 ERROR [Scala Presentation Compiler [DSL2]] - System.err - at scala.tools.nsc.ast.parser.Parsers$Parser.checkNoEscapingPlaceholders(Parsers.scala:428)
2013-05-07 16:26:44,775 ERROR [Scala Presentation Compiler [DSL2]] - System.err - at scala.tools.nsc.ast.parser.Parsers$Parser.templateStatSeq(Parsers.scala:2966)
2013-05-07 16:26:44,775 ERROR [Scala Presentation Compiler [DSL2]] - System.err - at scala.tools.nsc.ast.parser.Parsers$Parser.templateBody(Parsers.scala:2846)
2013-05-07 16:26:44,775 ERROR [Scala Presentation Compiler [DSL2]] - System.err - at scala.tools.nsc.ast.parser.Parsers$Parser.templateBodyOpt(Parsers.scala:2853)
2013-05-07 16:26:44,775 ERROR [Scala Presentation Compiler [DSL2]] - System.err - at scala.tools.nsc.ast.parser.Parsers$Parser.templateOpt(Parsers.scala:2812)
2013-05-07 16:26:44,775 ERROR [Scala Presentation Compiler [DSL2]] - System.err - at scala.tools.nsc.ast.parser.Parsers$Parser$$anonfun$classDef$1.apply(Parsers.scala:2709)
2013-05-07 16:26:44,775 ERROR [Scala Presentation Compiler [DSL2]] - System.err - at scala.tools.nsc.ast.parser.Parsers$Parser$$anonfun$classDef$1.apply(Parsers.scala:2690)
2013-05-07 16:26:44,776 ERROR [Scala Presentation Compiler [DSL2]] - System.err - at scala.tools.nsc.ast.parser.Parsers$Parser.savingClassContextBounds(Parsers.scala:290)
2013-05-07 16:26:44,776 ERROR [Scala Presentation Compiler [DSL2]] - System.err - at scala.tools.nsc.ast.parser.Parsers$Parser.classDef(Parsers.scala:2690)
2013-05-07 16:26:44,776 ERROR [Scala Presentation Compiler [DSL2]] - System.err - at scala.tools.nsc.ast.parser.Parsers$Parser.tmplDef(Parsers.scala:2666)
2013-05-07 16:26:44,776 ERROR [Scala Presentation Compiler [DSL2]] - System.err - at scala.tools.nsc.ast.parser.Parsers$Parser.topLevelTmplDef(Parsers.scala:2651)
2013-05-07 16:26:44,776 ERROR [Scala Presentation Compiler [DSL2]] - System.err - at scala.tools.nsc.ast.parser.Parsers$Parser$$anonfun$topStatSeq$2.apply(Parsers.scala:2937)
2013-05-07 16:26:44,776 ERROR [Scala Presentation Compiler [DSL2]] - System.err - at scala.tools.nsc.ast.parser.Parsers$Parser$$anonfun$topStatSeq$2.apply(Parsers.scala:2937)
2013-05-07 16:26:44,776 ERROR [Scala Presentation Compiler [DSL2]] - System.err - at scala.tools.nsc.ast.parser.Parsers$Parser.joinComment(Parsers.scala:683)
2013-05-07 16:26:44,776 ERROR [Scala Presentation Compiler [DSL2]] - System.err - at scala.tools.nsc.ast.parser.Parsers$Parser.topStatSeq(Parsers.scala:2937)
2013-05-07 16:26:44,776 ERROR [Scala Presentation Compiler [DSL2]] - System.err - at scala.tools.nsc.ast.parser.Parsers$Parser$$anonfun$compilationUnit$1.topstats$1(Parsers.scala:3132)
2013-05-07 16:26:44,776 ERROR [Scala Presentation Compiler [DSL2]] - System.err - at scala.tools.nsc.ast.parser.Parsers$Parser$$anonfun$compilationUnit$1.topstats$1(Parsers.scala:3124)
2013-05-07 16:26:44,776 ERROR [Scala Presentation Compiler [DSL2]] - System.err - at scala.tools.nsc.ast.parser.Parsers$Parser$$anonfun$compilationUnit$1.apply(Parsers.scala:3138)
2013-05-07 16:26:44,776 ERROR [Scala Presentation Compiler [DSL2]] - System.err - at scala.tools.nsc.ast.parser.Parsers$Parser$$anonfun$compilationUnit$1.apply(Parsers.scala:3102)
2013-05-07 16:26:44,776 ERROR [Scala Presentation Compiler [DSL2]] - System.err - at scala.tools.nsc.ast.parser.Parsers$Parser.checkNoEscapingPlaceholders(Parsers.scala:428)
2013-05-07 16:26:44,776 ERROR [Scala Presentation Compiler [DSL2]] - System.err - at scala.tools.nsc.ast.parser.Parsers$Parser.compilationUnit(Parsers.scala:3102)
2013-05-07 16:26:44,776 ERROR [Scala Presentation Compiler [DSL2]] - System.err - at scala.tools.nsc.ast.parser.Parsers$SourceFileParser$$anonfun$parseStartRule$1.apply(Parsers.scala:141)
2013-05-07 16:26:44,776 ERROR [Scala Presentation Compiler [DSL2]] - System.err - at scala.tools.nsc.ast.parser.Parsers$SourceFileParser$$anonfun$parseStartRule$1.apply(Parsers.scala:141)
2013-05-07 16:26:44,776 ERROR [Scala Presentation Compiler [DSL2]] - System.err - at scala.tools.nsc.ast.parser.Parsers$Parser.parse(Parsers.scala:313)
2013-05-07 16:26:44,776 ERROR [Scala Presentation Compiler [DSL2]] - System.err - at scala.tools.nsc.ast.parser.Parsers$UnitParser.smartParse(Parsers.scala:242)
2013-05-07 16:26:44,776 ERROR [Scala Presentation Compiler [DSL2]] - System.err - at scala.tools.nsc.ast.parser.SyntaxAnalyzer$ParserPhase.apply(SyntaxAnalyzer.scala:29)
2013-05-07 16:26:44,777 ERROR [Scala Presentation Compiler [DSL2]] - System.err - at scala.tools.nsc.Global$GlobalPhase.applyPhase(Global.scala:463)
2013-05-07 16:26:44,777 ERROR [Scala Presentation Compiler [DSL2]] - System.err - at scala.tools.nsc.Global$Run$$anonfun$compileLate$2$$anonfun$apply$1.apply(Global.scala:1682)
2013-05-07 16:26:44,777 ERROR [Scala Presentation Compiler [DSL2]] - System.err - at scala.tools.nsc.Global$Run$$anonfun$compileLate$2$$anonfun$apply$1.apply(Global.scala:1682)
2013-05-07 16:26:44,777 ERROR [Scala Presentation Compiler [DSL2]] - System.err - at scala.reflect.internal.SymbolTable.atPhase(SymbolTable.scala:207)
2013-05-07 16:26:44,777 ERROR [Scala Presentation Compiler [DSL2]] - System.err - at scala.tools.nsc.Global$Run$$anonfun$compileLate$2.apply(Global.scala:1682)
2013-05-07 16:26:44,777 ERROR [Scala Presentation Compiler [DSL2]] - System.err - at scala.tools.nsc.Global$Run$$anonfun$compileLate$2.apply(Global.scala:1681)
2013-05-07 16:26:44,777 ERROR [Scala Presentation Compiler [DSL2]] - System.err - at scala.collection.Iterator$class.foreach(Iterator.scala:727)
2013-05-07 16:26:44,777 ERROR [Scala Presentation Compiler [DSL2]] - System.err - at scala.collection.AbstractIterator.foreach(Iterator.scala:1157)
2013-05-07 16:26:44,777 ERROR [Scala Presentation Compiler [DSL2]] - System.err - at scala.tools.nsc.Global$Run.compileLate(Global.scala:1681)
2013-05-07 16:26:44,777 ERROR [Scala Presentation Compiler [DSL2]] - System.err - at scala.tools.nsc.interactive.Global.scala$tools$nsc$interactive$Global$$parseAndEnter(Global.scala:574)
2013-05-07 16:26:44,777 ERROR [Scala Presentation Compiler [DSL2]] - System.err - at scala.tools.nsc.interactive.Global.backgroundCompile(Global.scala:481)
2013-05-07 16:26:44,777 ERROR [Scala Presentation Compiler [DSL2]] - System.err - at scala.tools.nsc.interactive.PresentationCompilerThread.run(PresentationCompilerThread.scala:25)
2013-05-07 16:40:50,554  WARN [ModalContext] - ImplicitHighlightingPresenter - Timeout while waiting for `askLoadedTyped` during implicit highlighting.
2013-05-07 17:24:08,717  WARN [ModalContext] - ImplicitHighlightingPresenter - Timeout while waiting for `askLoadedTyped` during implicit highlighting.
2013-05-07 18:16:17,132  WARN [ModalContext] - ImplicitHighlightingPresenter - Timeout while waiting for `askLoadedTyped` during implicit highlighting.
2013-05-07 21:14:39,036  WARN [main] - ImplicitHighlightingPresenter - Timeout while waiting for `askLoadedTyped` during implicit highlighting.
2013-05-07 21:14:50,005  WARN [main] - ImplicitHighlightingPresenter - Timeout while waiting for `askLoadedTyped` during implicit highlighting.
2013-05-07 21:17:46,495 ERROR [Text Viewer Hover Presenter] - System.err - Java Model Exception: Java Model Status [DSL2 does not exist]
2013-05-07 21:17:46,497 ERROR [Text Viewer Hover Presenter] - System.err - at org.eclipse.jdt.internal.core.JavaElement.newNotPresentException(JavaElement.java:495)
2013-05-07 21:17:46,508 ERROR [Text Viewer Hover Presenter] - System.err - at org.eclipse.jdt.internal.core.JavaModelManager.getPerProjectInfoCheckExistence(JavaModelManager.java:2283)
2013-05-07 21:17:46,508 ERROR [Text Viewer Hover Presenter] - System.err - at org.eclipse.jdt.internal.core.JavaProject.getPerProjectInfo(JavaProject.java:1905)
2013-05-07 21:17:46,508 ERROR [Text Viewer Hover Presenter] - System.err - at org.eclipse.jdt.internal.core.JavaProject.getRawClasspath(JavaProject.java:1927)
2013-05-07 21:17:46,508 ERROR [Text Viewer Hover Presenter] - System.err - at scala.tools.eclipse.ClasspathManagement$class.jdkPaths(ClasspathManagement.scala:138)
2013-05-07 21:17:46,508 ERROR [Text Viewer Hover Presenter] - System.err - at scala.tools.eclipse.ScalaProject.jdkPaths(ScalaProject.scala:81)
2013-05-07 21:17:46,508 ERROR [Text Viewer Hover Presenter] - System.err - at scala.tools.eclipse.ClasspathManagement$class.scalaClasspath(ClasspathManagement.scala:118)
2013-05-07 21:17:46,509 ERROR [Text Viewer Hover Presenter] - System.err - at scala.tools.eclipse.ScalaProject.scalaClasspath(ScalaProject.scala:81)
2013-05-07 21:17:46,509 ERROR [Text Viewer Hover Presenter] - System.err - at scala.tools.eclipse.ScalaProject.setupCompilerClasspath(ScalaProject.scala:514)
2013-05-07 21:17:46,509 ERROR [Text Viewer Hover Presenter] - System.err - at scala.tools.eclipse.ScalaProject.initializeCompilerSettings(ScalaProject.scala:500)
2013-05-07 21:17:46,509 ERROR [Text Viewer Hover Presenter] - System.err - at scala.tools.eclipse.ScalaProject$$anon$1.create(ScalaProject.scala:101)
2013-05-07 21:17:46,509 ERROR [Text Viewer Hover Presenter] - System.err - at scala.tools.eclipse.ScalaProject$$anon$1.create(ScalaProject.scala:96)
2013-05-07 21:17:46,509 ERROR [Text Viewer Hover Presenter] - System.err - at scala.tools.eclipse.util.Cached$class.apply(Cached.scala:30)
2013-05-07 21:17:46,509 ERROR [Text Viewer Hover Presenter] - System.err - at scala.tools.eclipse.ScalaProject$$anon$1.apply(ScalaProject.scala:96)
2013-05-07 21:17:46,509 ERROR [Text Viewer Hover Presenter] - System.err - at scala.tools.eclipse.ScalaProject.withPresentationCompiler(ScalaProject.scala:594)
2013-05-07 21:17:46,509 ERROR [Text Viewer Hover Presenter] - System.err - at scala.tools.eclipse.ScalaProject.withSourceFile(ScalaProject.scala:603)
2013-05-07 21:17:46,509 ERROR [Text Viewer Hover Presenter] - System.err - at scala.tools.eclipse.InteractiveCompilationUnit$class.withSourceFile(InteractiveCompilationUnit.scala:66)
2013-05-07 21:17:46,509 ERROR [Text Viewer Hover Presenter] - System.err - at scala.tools.eclipse.javaelements.ScalaSourceFile.withSourceFile(ScalaSourceFile.scala:50)
2013-05-07 21:17:46,509 ERROR [Text Viewer Hover Presenter] - System.err - at scala.tools.eclipse.ScalaHover.getHoverInfo(ScalaHover.scala:43)
2013-05-07 21:17:46,509 ERROR [Text Viewer Hover Presenter] - System.err - at org.eclipse.jface.text.TextViewerHoverManager$4.run(TextViewerHoverManager.java:168)
2013-05-07 21:17:46,552 ERROR [main] - org.scala-ide.sdt.core - org.scala-ide.sdt.core - org.scala-ide.sdt.core - 0 - Java Model Exception: Java Model Status [DSL2 does not exist]
2013-05-07 23:06:00,987  WARN [org.eclipse.jdt.internal.ui.text.JavaReconciler] - ImplicitHighlightingPresenter - Timeout while waiting for `askLoadedTyped` during implicit highlighting.
2013-05-07 23:06:01,189  WARN [org.eclipse.jdt.internal.ui.text.JavaReconciler] - ImplicitHighlightingPresenter - Timeout while waiting for `askLoadedTyped` during implicit highlighting.
2013-05-07 23:32:35,454  WARN [ModalContext] - ImplicitHighlightingPresenter - Timeout while waiting for `askLoadedTyped` during implicit highlighting.
2013-05-07 23:32:35,657  WARN [ModalContext] - ImplicitHighlightingPresenter - Timeout while waiting for `askLoadedTyped` during implicit highlighting.
2013-05-08 02:42:48,470  WARN [main] - ImplicitHighlightingPresenter - Timeout while waiting for `askLoadedTyped` during implicit highlighting.
2013-05-08 02:56:04,873  WARN [ModalContext] - ImplicitHighlightingPresenter - Timeout while waiting for `askLoadedTyped` during implicit highlighting.
2013-05-08 03:04:05,444  WARN [ModalContext] - ImplicitHighlightingPresenter - Timeout while waiting for `askLoadedTyped` during implicit highlighting.
2013-05-08 03:09:47,714  WARN [Worker-222] - ImplicitHighlightingPresenter - Timeout while waiting for `askLoadedTyped` during implicit highlighting.
2013-05-08 04:00:29,252  WARN [main] - ImplicitHighlightingPresenter - Timeout while waiting for `askLoadedTyped` during implicit highlighting.
2013-05-08 04:00:29,454  WARN [main] - ImplicitHighlightingPresenter - Timeout while waiting for `askLoadedTyped` during implicit highlighting.
2013-05-08 19:11:35,188  WARN [main] - ImplicitHighlightingPresenter - Timeout while waiting for `askLoadedTyped` during implicit highlighting.
2013-05-08 19:12:48,689 ERROR [Worker-3] - System.err - SLF4J: Failed to load class "org.slf4j.impl.StaticLoggerBinder".
2013-05-08 19:12:48,757 ERROR [Worker-3] - System.err - SLF4J: Defaulting to no-operation (NOP) logger implementation
2013-05-08 19:12:48,757 ERROR [Worker-3] - System.err - SLF4J: See http://www.slf4j.org/codes.html#StaticLoggerBinder for further details.
2013-05-08 19:23:38,356  WARN [Worker-14] - ImplicitHighlightingPresenter - Timeout while waiting for `askLoadedTyped` during implicit highlighting.
2013-05-08 19:23:39,325  WARN [Worker-14] - ImplicitHighlightingPresenter - Timeout while waiting for `askLoadedTyped` during implicit highlighting.
2013-05-08 19:23:39,545  WARN [Worker-14] - ImplicitHighlightingPresenter - Timeout while waiting for `askLoadedTyped` during implicit highlighting.
2013-05-08 19:23:39,958  WARN [Worker-14] - ImplicitHighlightingPresenter - Timeout while waiting for `askLoadedTyped` during implicit highlighting.
2013-05-08 19:30:54,111  WARN [ModalContext] - ImplicitHighlightingPresenter - Timeout while waiting for `askLoadedTyped` during implicit highlighting.
2013-05-08 19:30:55,222  WARN [ModalContext] - ImplicitHighlightingPresenter - Timeout while waiting for `askLoadedTyped` during implicit highlighting.
2013-05-08 19:30:55,504  WARN [ModalContext] - ImplicitHighlightingPresenter - Timeout while waiting for `askLoadedTyped` during implicit highlighting.
2013-05-08 19:30:55,839  WARN [ModalContext] - ImplicitHighlightingPresenter - Timeout while waiting for `askLoadedTyped` during implicit highlighting.
2013-05-08 19:31:53,984  WARN [main] - ImplicitHighlightingPresenter - Timeout while waiting for `askLoadedTyped` during implicit highlighting.
2013-05-08 19:31:54,240  WARN [main] - ImplicitHighlightingPresenter - Timeout while waiting for `askLoadedTyped` during implicit highlighting.
